[2014-12-08 13:51:06] START
[2014-12-08 13:54:56] EDIT Notes/models/db.py: 6
[2014-12-08 13:55:01] EDIT Notes/models/db.py: 0
[2014-12-08 13:55:38] EDIT Notes/controllers/default.py: 3
[2014-12-08 13:55:51] CREATE default/new.html: 0
[2014-12-08 13:55:58] EDIT Notes/views/default/new.html: 0
[2014-12-08 13:56:45] EDIT Notes/models/db.py: 0
[2014-12-08 13:56:56] EDIT Notes/views/default/new.html: -1
[2014-12-08 13:57:40] EDIT Notes/models/db.py: 0
[2014-12-08 13:58:14] EDIT Notes/controllers/default.py: 3
[2014-12-08 13:58:19] EDIT Notes/controllers/default.py: 0
[2014-12-08 13:58:19] EDIT Notes/controllers/default.py: 0
[2014-12-08 13:59:34] EDIT Notes/controllers/default.py: -3
[2014-12-08 13:59:45] EDIT Notes/controllers/default.py: 1
[2014-12-08 14:00:01] CREATE default/notes.html: 0
[2014-12-08 14:00:09] EDIT Notes/views/default/notes.html: -1
[2014-12-08 14:00:44] EDIT Notes/views/default/notes.html: -1
[2014-12-08 14:01:07] EDIT Notes/views/default/notes.html: 1
[2014-12-08 14:04:32] EDIT Notes/controllers/default.py: 0
[2014-12-08 14:08:28] EDIT Notes/static/plugin_ckeditor/config.js: 1
[2014-12-08 14:08:38] EDIT Notes/static/plugin_ckeditor/config.js: 0
[2014-12-08 14:09:06] EDIT Notes/static/plugin_ckeditor/config.js: 0
[2014-12-08 14:09:12] EDIT Notes/static/plugin_ckeditor/config.js: 0
[2014-12-08 14:09:28] EDIT Notes/static/plugin_ckeditor/config.js: 0
[2014-12-08 14:12:04] EDIT Notes/views/layout.html: -5
[2014-12-08 14:12:46] EDIT Notes/models/menu.py: 0
[2014-12-08 14:12:58] EDIT Notes/models/menu.py: 0
[2014-12-08 14:13:06] EDIT Notes/models/menu.py: 0
[2014-12-08 14:13:55] EDIT Notes/controllers/default.py: 0
[2014-12-08 14:20:34] EDIT notes/models/db.py: 0
[2014-12-08 14:20:45] EDIT notes/models/db.py: 0
[2014-12-08 14:39:44] EDIT notes/views/web2py_ajax.html: 0
[2014-12-08 14:39:57] EDIT notes/views/web2py_ajax.html: 0
[2014-12-08 14:40:05] EDIT notes/views/web2py_ajax.html: 0
[2014-12-08 14:40:12] EDIT notes/views/web2py_ajax.html: 0
[2014-12-08 14:40:47] EDIT notes/views/web2py_ajax.html: 0
[2014-12-08 14:41:30] EDIT notes/models/db.py: 0
[2014-12-08 14:41:35] EDIT notes/views/web2py_ajax.html: 0
[2014-12-08 15:52:13] EDIT notes/controllers/default.py: 0
[2014-12-08 15:52:23] EDIT notes/controllers/default.py: 0
[2014-12-08 15:52:32] EDIT notes/controllers/default.py: 0
[2014-12-08 15:56:44] EDIT notes/controllers/default.py: 0
[2014-12-08 15:56:59] EDIT notes/controllers/default.py: 0
[2014-12-08 15:57:12] EDIT notes/controllers/default.py: 0
[2014-12-08 16:28:25] EDIT notes/controllers/default.py: 0
[2014-12-08 16:34:08] EDIT notes/controllers/default.py: 0
[2014-12-08 16:34:10] EDIT notes/controllers/default.py: 0
[2014-12-08 17:03:43] EDIT notes/controllers/default.py: 3
[2014-12-08 17:03:56] EDIT notes/controllers/default.py: 0
[2014-12-08 17:13:36] EDIT notes/controllers/default.py: 2
[2014-12-08 17:13:53] EDIT notes/controllers/default.py: 0
[2014-12-08 17:14:29] EDIT notes/controllers/default.py: 1
[2014-12-08 17:15:06] EDIT notes/controllers/default.py: -1
[2014-12-08 17:15:09] EDIT notes/controllers/default.py: 0
[2014-12-08 17:16:12] EDIT notes/controllers/default.py: 1
[2014-12-08 17:17:15] EDIT notes/controllers/default.py: 1
[2014-12-08 17:18:08] EDIT notes/controllers/default.py: 0
[2014-12-08 17:18:17] CREATE default/show.html: 0
[2014-12-08 17:20:00] EDIT notes/views/default/show.html: 2
[2014-12-08 17:20:18] EDIT notes/views/default/show.html: 0
[2014-12-08 17:20:24] EDIT notes/views/default/show.html: 0
[2014-12-08 17:20:35] EDIT notes/views/default/show.html: 0
[2014-12-08 17:21:51] EDIT notes/views/default/show.html: -1
[2014-12-08 17:21:51] EDIT notes/views/default/show.html: 0
[2014-12-08 17:22:34] EDIT notes/views/default/show.html: 0
[2014-12-08 17:23:32] EDIT notes/controllers/default.py: -3
[2014-12-08 17:23:36] EDIT notes/views/default/show.html: 0
[2014-12-08 17:23:50] EDIT notes/views/default/show.html: 0
[2014-12-08 17:24:15] EDIT notes/views/default/show.html: 0
[2014-12-08 17:24:20] EDIT notes/views/default/show.html: 0
[2014-12-08 17:24:20] EDIT notes/views/default/show.html: 0
[2014-12-08 17:24:29] EDIT notes/views/default/show.html: 0
[2014-12-08 17:24:36] EDIT notes/controllers/default.py: 3
[2014-12-08 17:24:59] EDIT notes/controllers/default.py: 0
[2014-12-08 17:26:59] EDIT notes/controllers/default.py: 0
[2014-12-08 17:27:08] EDIT notes/controllers/default.py: 0
[2014-12-08 17:27:40] EDIT notes/controllers/default.py: 0
[2014-12-08 17:32:46] EDIT notes/controllers/default.py: 0
[2014-12-08 17:33:56] EDIT notes/views/default/show.html: 1
[2014-12-08 17:34:05] EDIT notes/views/default/show.html: 0
[2014-12-08 17:34:16] EDIT notes/views/default/show.html: 1
[2014-12-08 17:34:38] EDIT notes/views/default/show.html: 0
[2014-12-08 17:34:58] EDIT notes/views/default/show.html: 0
[2014-12-08 17:35:05] EDIT notes/views/default/show.html: 0
[2014-12-08 17:35:25] EDIT notes/views/default/show.html: 1
[2014-12-08 17:35:52] EDIT notes/views/default/show.html: 0
[2014-12-08 17:37:47] EDIT notes/controllers/default.py: 0
[2014-12-08 17:37:47] EDIT notes/controllers/default.py: 0
[2014-12-08 17:40:53] EDIT notes/models/menu.py: 0
[2014-12-08 17:41:06] EDIT notes/models/menu.py: 0
[2014-12-08 17:43:23] EDIT notes/controllers/default.py: 1
[2014-12-08 17:43:34] EDIT notes/controllers/default.py: 0
[2014-12-08 17:43:38] EDIT notes/controllers/default.py: 0
[2014-12-08 17:43:44] EDIT notes/views/default/show.html: 1
[2014-12-08 17:43:48] EDIT notes/views/default/show.html: 0
[2014-12-08 17:43:58] EDIT notes/views/default/show.html: 0
[2014-12-08 17:43:58] EDIT notes/views/default/show.html: 0
[2014-12-08 17:44:11] EDIT notes/controllers/default.py: 0
[2014-12-08 17:44:18] EDIT notes/controllers/default.py: 0
[2014-12-08 17:45:22] EDIT notes/views/default/show.html: 0
[2014-12-09 08:40:02] EDIT notes/controllers/default.py: 0
[2014-12-09 08:42:30] EDIT notes/views/default/show.html: 4
[2014-12-09 08:42:47] EDIT notes/controllers/default.py: 4
[2014-12-09 08:42:48] EDIT notes/controllers/default.py: 0
[2014-12-09 08:43:21] EDIT notes/views/default/show.html: -4
[2014-12-09 08:43:31] CREATE default/one.html: 0
[2014-12-09 08:43:36] EDIT notes/views/default/one.html: 1
[2014-12-09 08:43:50] EDIT notes/views/default/one.html: 1
[2014-12-09 08:44:49] EDIT notes/views/default/one.html: 3
[2014-12-09 08:44:50] EDIT notes/views/default/one.html: 0
[2014-12-09 08:45:07] EDIT notes/views/default/one.html: 1
[2014-12-09 08:45:22] EDIT notes/views/default/one.html: -1
[2014-12-09 08:46:00] EDIT notes/controllers/default.py: 2
[2014-12-09 08:46:04] EDIT notes/views/default/one.html: 0
[2014-12-09 08:46:19] EDIT notes/views/default/one.html: 0
[2014-12-09 08:46:25] EDIT notes/controllers/default.py: -2
[2014-12-09 08:46:29] EDIT notes/controllers/default.py: 0
[2014-12-09 08:47:18] EDIT notes/controllers/default.py: 1
[2014-12-09 08:47:43] EDIT notes/controllers/default.py: 0
[2014-12-09 08:47:49] EDIT notes/controllers/default.py: 0
[2014-12-09 08:48:02] EDIT notes/views/default/one.html: 1
[2014-12-09 08:48:15] EDIT notes/views/default/one.html: 2
[2014-12-09 08:48:42] EDIT notes/controllers/default.py: 1
[2014-12-09 08:48:55] EDIT notes/controllers/default.py: 0
[2014-12-09 08:49:06] EDIT notes/controllers/default.py: 0
[2014-12-09 08:49:30] EDIT notes/controllers/default.py: 0
[2014-12-09 08:50:02] EDIT notes/controllers/default.py: -1
[2014-12-09 08:50:02] EDIT notes/controllers/default.py: 0
[2014-12-09 08:50:02] EDIT notes/controllers/default.py: 0
[2014-12-09 08:50:08] EDIT notes/controllers/default.py: -1
[2014-12-09 08:50:18] EDIT notes/views/default/one.html: -3
[2014-12-09 08:50:40] EDIT notes/views/default/one.html: 1
[2014-12-09 08:53:17] EDIT notes/controllers/default.py: 1
[2014-12-09 08:54:09] EDIT notes/controllers/default.py: 0
[2014-12-09 08:54:12] EDIT notes/controllers/default.py: 0
[2014-12-09 08:55:20] EDIT notes/controllers/default.py: 0
[2014-12-09 08:56:02] EDIT notes/views/default/one.html: 0
[2014-12-09 08:56:15] EDIT notes/controllers/default.py: 0
[2014-12-09 08:56:15] EDIT notes/controllers/default.py: 0
[2014-12-09 08:56:24] EDIT notes/controllers/default.py: 0
[2014-12-09 08:56:35] EDIT notes/views/default/one.html: 0
[2014-12-09 08:57:54] EDIT notes/views/default/one.html: 2
[2014-12-09 08:59:37] EDIT notes/views/default/one.html: 0
[2014-12-09 09:00:12] EDIT notes/controllers/default.py: 0
[2014-12-09 09:00:20] EDIT notes/views/default/one.html: 1
[2014-12-09 09:00:37] EDIT notes/views/default/one.html: 2
[2014-12-09 09:01:09] EDIT notes/controllers/default.py: 2
[2014-12-09 09:01:26] EDIT notes/controllers/default.py: 0
[2014-12-09 09:02:41] EDIT notes/views/default/one.html: 0
[2014-12-09 09:08:42] EDIT notes/views/default/one.html: -2
[2014-12-09 09:09:11] EDIT notes/views/default/one.html: 2
[2014-12-09 09:12:59] EDIT notes/views/default/one.html: -5
[2014-12-09 09:13:49] EDIT notes/controllers/default.py: 0
[2014-12-09 09:13:52] EDIT notes/controllers/default.py: 0
[2014-12-09 09:14:21] EDIT notes/controllers/default.py: -2
[2014-12-09 09:16:29] EDIT notes/controllers/default.py: 3
[2014-12-09 09:16:40] EDIT notes/controllers/default.py: 0
[2014-12-09 09:18:31] EDIT notes/controllers/default.py: 0
[2014-12-09 09:18:47] EDIT notes/controllers/default.py: 0
[2014-12-09 09:18:55] EDIT notes/controllers/default.py: 0
[2014-12-09 09:21:23] EDIT notes/controllers/default.py: 1
[2014-12-09 09:21:43] EDIT notes/controllers/default.py: 0
[2014-12-09 09:22:52] EDIT notes/controllers/default.py: 0
[2014-12-09 09:23:48] EDIT notes/controllers/default.py: 1
[2014-12-09 09:24:08] EDIT notes/controllers/default.py: 0
[2014-12-09 09:26:13] EDIT notes/controllers/default.py: 0
[2014-12-09 09:26:29] EDIT notes/controllers/default.py: 0
[2014-12-09 09:27:50] EDIT notes/controllers/default.py: 0
[2014-12-09 09:27:53] EDIT notes/controllers/default.py: 0
[2014-12-09 09:29:41] EDIT notes/controllers/default.py: 1
[2014-12-09 09:29:59] EDIT notes/controllers/default.py: 1
[2014-12-09 09:30:05] EDIT notes/controllers/default.py: 0
[2014-12-09 09:30:11] EDIT notes/controllers/default.py: -1
[2014-12-09 09:30:15] EDIT notes/controllers/default.py: 0
[2014-12-09 09:30:35] EDIT notes/views/default/one.html: 0
[2014-12-09 09:30:39] EDIT notes/views/default/one.html: 0
[2014-12-09 09:31:01] EDIT notes/controllers/default.py: 1
[2014-12-09 09:31:03] EDIT notes/controllers/default.py: 0
[2014-12-09 09:31:09] EDIT notes/controllers/default.py: -1
[2014-12-09 09:31:14] EDIT notes/controllers/default.py: 0
[2014-12-09 09:31:16] EDIT notes/controllers/default.py: 0
[2014-12-09 09:31:27] EDIT notes/controllers/default.py: 0
[2014-12-09 09:31:35] EDIT notes/controllers/default.py: 0
[2014-12-09 09:32:03] EDIT notes/views/default/one.html: 5
[2014-12-09 09:32:31] EDIT notes/controllers/default.py: 0
[2014-12-09 09:32:49] EDIT notes/views/default/one.html: 2
[2014-12-09 09:32:58] EDIT notes/controllers/default.py: 0
[2014-12-09 09:33:14] EDIT notes/controllers/default.py: 0
[2014-12-09 09:33:27] EDIT notes/controllers/default.py: 0
[2014-12-09 09:33:41] EDIT notes/views/default/one.html: 1
[2014-12-09 09:33:44] EDIT notes/views/default/one.html: 0
[2014-12-09 09:33:54] EDIT notes/views/default/one.html: 0
[2014-12-09 09:34:10] EDIT notes/views/default/one.html: 1
[2014-12-09 09:34:38] EDIT notes/views/default/one.html: 1
[2014-12-09 09:34:40] EDIT notes/views/default/one.html: 0
[2014-12-09 09:35:01] EDIT notes/views/default/one.html: 0
[2014-12-09 09:35:13] EDIT notes/controllers/default.py: 0
[2014-12-09 09:35:13] EDIT notes/controllers/default.py: 0
[2014-12-09 09:35:40] EDIT notes/controllers/default.py: 0
[2014-12-09 09:35:48] EDIT notes/controllers/default.py: -1
[2014-12-09 09:36:25] EDIT notes/controllers/default.py: 1
[2014-12-09 09:36:27] EDIT notes/controllers/default.py: 0
[2014-12-09 09:37:23] EDIT notes/controllers/default.py: 1
[2014-12-09 09:37:45] EDIT notes/controllers/default.py: 0
[2014-12-09 09:38:21] EDIT notes/controllers/default.py: 0
[2014-12-09 09:38:46] EDIT notes/controllers/default.py: 1
[2014-12-09 09:39:50] EDIT notes/controllers/default.py: 0
[2014-12-09 09:39:55] EDIT notes/views/default/one.html: 0
[2014-12-09 09:40:07] EDIT notes/views/default/one.html: 1
[2014-12-09 09:40:16] EDIT notes/views/default/one.html: -1
[2014-12-09 09:40:31] EDIT notes/controllers/default.py: -1
[2014-12-09 09:40:49] EDIT notes/controllers/default.py: 0
[2014-12-09 09:41:21] EDIT notes/controllers/default.py: 1
[2014-12-09 09:41:23] EDIT notes/controllers/default.py: 0
[2014-12-09 09:41:48] EDIT notes/controllers/default.py: 0
[2014-12-09 09:41:48] EDIT notes/controllers/default.py: 0
[2014-12-09 09:42:22] EDIT notes/controllers/default.py: 0
[2014-12-09 09:42:39] EDIT notes/controllers/default.py: 0
[2014-12-09 09:43:39] EDIT notes/controllers/default.py: 0
[2014-12-09 09:43:54] EDIT notes/controllers/default.py: 0
[2014-12-09 09:44:32] EDIT notes/controllers/default.py: -1
[2014-12-09 09:44:59] EDIT notes/controllers/default.py: 2
[2014-12-09 09:45:13] EDIT notes/controllers/default.py: 0
[2014-12-09 09:45:28] EDIT notes/controllers/default.py: 0
[2014-12-09 09:45:51] EDIT notes/controllers/default.py: 0
[2014-12-09 09:46:22] EDIT notes/controllers/default.py: -2
[2014-12-09 09:46:38] EDIT notes/controllers/default.py: 0
[2014-12-09 09:47:16] EDIT notes/views/default/one.html: 1
[2014-12-09 09:47:40] EDIT notes/views/default/one.html: 1
[2014-12-09 09:47:55] EDIT notes/views/default/one.html: 0
[2014-12-09 09:48:05] EDIT notes/views/default/one.html: 0
[2014-12-09 09:48:20] EDIT notes/views/default/one.html: 2
[2014-12-09 09:48:39] EDIT notes/views/default/one.html: -3
[2014-12-09 09:48:59] EDIT notes/views/default/one.html: 1
[2014-12-09 09:49:40] EDIT notes/views/default/one.html: 0
[2014-12-09 09:49:42] EDIT notes/views/default/one.html: 0
[2014-12-09 09:49:44] EDIT notes/views/default/one.html: -1
[2014-12-09 09:50:07] EDIT notes/views/default/one.html: -1
[2014-12-09 09:50:08] EDIT notes/views/default/one.html: 0
[2014-12-09 09:50:24] EDIT notes/views/default/one.html: -3
[2014-12-09 09:51:12] EDIT notes/controllers/default.py: 2
[2014-12-09 09:51:15] EDIT notes/controllers/default.py: 0
[2014-12-09 09:51:24] EDIT notes/controllers/default.py: 0
[2014-12-09 09:51:24] EDIT notes/controllers/default.py: 0
[2014-12-09 09:51:37] EDIT notes/controllers/default.py: 0
[2014-12-09 09:51:59] EDIT notes/controllers/default.py: -2
[2014-12-09 09:52:01] EDIT notes/controllers/default.py: 0
[2014-12-09 09:53:12] EDIT notes/views/default/one.html: 0
[2014-12-09 09:53:16] EDIT notes/views/default/one.html: 0
[2014-12-09 09:53:17] EDIT notes/views/default/one.html: 0
[2014-12-09 09:54:48] EDIT notes/controllers/default.py: 2
[2014-12-09 09:54:53] EDIT notes/views/default/one.html: 0
[2014-12-09 09:55:04] EDIT notes/views/default/one.html: 0
[2014-12-09 09:55:05] EDIT notes/views/default/one.html: 0
[2014-12-09 09:55:05] EDIT notes/views/default/one.html: 0
[2014-12-09 09:55:27] EDIT notes/controllers/default.py: 0
[2014-12-09 09:55:38] EDIT notes/controllers/default.py: 0
[2014-12-09 09:56:21] EDIT notes/views/default/one.html: 0
[2014-12-09 09:56:55] EDIT notes/views/default/one.html: 0
[2014-12-09 09:56:58] EDIT notes/views/default/one.html: 0
[2014-12-09 10:00:26] EDIT notes/views/default/one.html: 0
[2014-12-09 10:00:38] EDIT notes/views/default/one.html: 0
[2014-12-09 10:05:01] EDIT notes/views/default/one.html: 5
[2014-12-09 10:07:16] EDIT notes/controllers/default.py: 6
[2014-12-09 10:07:28] EDIT notes/controllers/default.py: 0
[2014-12-09 10:07:35] EDIT notes/controllers/default.py: 0
[2014-12-09 10:07:37] EDIT notes/controllers/default.py: 0
[2014-12-09 10:09:34] EDIT notes/controllers/default.py: 7
[2014-12-09 10:09:45] EDIT notes/controllers/default.py: 0
[2014-12-09 10:11:56] EDIT notes/views/default/one.html: 0
[2014-12-09 10:12:52] EDIT notes/views/default/one.html: 0
[2014-12-09 10:13:08] EDIT notes/views/default/one.html: 0
[2014-12-09 10:13:11] EDIT notes/views/default/one.html: 0
[2014-12-09 10:13:16] EDIT notes/views/default/one.html: 0
[2014-12-09 10:13:20] EDIT notes/views/default/one.html: 0
[2014-12-09 10:13:39] EDIT notes/controllers/default.py: 0
[2014-12-09 10:13:56] EDIT notes/views/default/one.html: 1
[2014-12-09 10:14:20] EDIT notes/views/default/one.html: 0
[2014-12-09 10:14:23] EDIT notes/views/default/one.html: 0
[2014-12-09 10:14:25] EDIT notes/views/default/one.html: 0
[2014-12-09 10:14:33] EDIT notes/controllers/default.py: -7
[2014-12-09 10:16:18] EDIT notes/controllers/default.py: 1
[2014-12-09 10:16:29] EDIT notes/controllers/default.py: 1
[2014-12-09 10:16:45] EDIT notes/controllers/default.py: 0
[2014-12-09 10:17:24] EDIT notes/views/default/one.html: -1
[2014-12-09 10:17:26] EDIT notes/views/default/one.html: 0
[2014-12-09 10:17:26] EDIT notes/views/default/one.html: 0
[2014-12-09 10:19:50] EDIT notes/controllers/default.py: 1
[2014-12-09 10:20:21] EDIT notes/controllers/default.py: 0
[2014-12-09 10:22:01] EDIT notes/controllers/default.py: 0
[2014-12-09 10:22:19] EDIT notes/controllers/default.py: -2
[2014-12-09 10:22:27] EDIT notes/controllers/default.py: 0
[2014-12-09 10:22:29] EDIT notes/controllers/default.py: 0
[2014-12-09 10:22:31] EDIT notes/controllers/default.py: 0
[2014-12-09 10:22:33] EDIT notes/controllers/default.py: 0
[2014-12-09 10:22:38] EDIT notes/controllers/default.py: -2
[2014-12-09 10:22:40] EDIT notes/controllers/default.py: -1
[2014-12-09 10:22:46] EDIT notes/controllers/default.py: -2
[2014-12-09 10:22:50] EDIT notes/controllers/default.py: 0
[2014-12-09 10:26:34] EDIT notes/controllers/default.py: -3
[2014-12-09 10:26:54] EDIT notes/controllers/default.py: 0
[2014-12-09 10:28:09] EDIT notes/controllers/default.py: 3
[2014-12-09 10:28:45] EDIT notes/views/default/one.html: -1
[2014-12-09 10:29:13] EDIT notes/views/default/one.html: 2
[2014-12-09 10:29:52] EDIT notes/views/default/one.html: 0
[2014-12-09 10:30:02] EDIT notes/views/default/one.html: -2
[2014-12-09 10:30:03] EDIT notes/views/default/one.html: 0
[2014-12-09 10:31:54] EDIT notes/controllers/default.py: 0
[2014-12-09 10:32:06] EDIT notes/controllers/default.py: 0
[2014-12-09 10:32:35] EDIT notes/controllers/default.py: 2
[2014-12-09 10:33:04] EDIT notes/controllers/default.py: 0
[2014-12-09 10:33:22] EDIT notes/controllers/default.py: 1
[2014-12-09 10:33:35] EDIT notes/controllers/default.py: 0
[2014-12-09 10:34:11] EDIT notes/controllers/default.py: 1
[2014-12-09 10:34:43] EDIT notes/controllers/default.py: 0
[2014-12-09 10:34:50] EDIT notes/views/default/one.html: 0
[2014-12-09 10:35:25] EDIT notes/views/default/one.html: 0
[2014-12-09 10:35:27] EDIT notes/views/default/one.html: 0
[2014-12-09 10:35:37] EDIT notes/views/default/one.html: 1
[2014-12-09 10:36:20] EDIT notes/controllers/default.py: 1
[2014-12-09 10:36:25] EDIT notes/controllers/default.py: 0
[2014-12-09 10:36:42] EDIT notes/controllers/default.py: 0
[2014-12-09 10:38:03] EDIT notes/views/default/one.html: 0
[2014-12-09 10:38:05] EDIT notes/views/default/one.html: 0
[2014-12-09 10:38:58] EDIT notes/views/default/one.html: 1
[2014-12-09 10:40:01] EDIT notes/views/default/one.html: 0
[2014-12-09 10:40:16] EDIT notes/views/default/one.html: 0
[2014-12-09 10:40:29] EDIT notes/controllers/default.py: 9
[2014-12-09 10:41:38] EDIT notes/controllers/default.py: -1
[2014-12-09 10:41:45] EDIT notes/controllers/default.py: 0
[2014-12-09 10:42:30] EDIT notes/controllers/default.py: -1
[2014-12-09 10:42:43] EDIT notes/controllers/default.py: 0
[2014-12-09 10:42:51] EDIT notes/controllers/default.py: 0
[2014-12-09 10:42:54] EDIT notes/controllers/default.py: 0
[2014-12-09 10:43:16] EDIT notes/controllers/default.py: 0
[2014-12-09 10:44:42] EDIT notes/controllers/default.py: 0
[2014-12-09 10:45:25] EDIT notes/controllers/default.py: -1
[2014-12-09 10:45:29] EDIT notes/controllers/default.py: 0
[2014-12-09 10:45:40] EDIT notes/controllers/default.py: 0
[2014-12-09 10:46:10] EDIT notes/views/default/one.html: 0
[2014-12-09 10:48:30] EDIT notes/controllers/default.py: 0
[2014-12-09 10:48:33] EDIT notes/controllers/default.py: 0
[2014-12-09 10:49:02] EDIT notes/controllers/default.py: 0
[2014-12-09 10:49:15] EDIT notes/controllers/default.py: 0
[2014-12-09 10:50:21] EDIT notes/views/default/one.html: 8
[2014-12-09 10:50:54] EDIT notes/controllers/default.py: 0
[2014-12-09 10:51:12] EDIT notes/controllers/default.py: 1
[2014-12-09 10:52:02] EDIT notes/controllers/default.py: 1
[2014-12-09 10:52:11] EDIT notes/controllers/default.py: 0
[2014-12-09 10:53:50] EDIT notes/controllers/default.py: 0
[2014-12-09 10:53:59] EDIT notes/controllers/default.py: 0
[2014-12-09 10:54:56] EDIT notes/controllers/default.py: 1
[2014-12-09 10:56:42] EDIT notes/controllers/default.py: 1
[2014-12-09 10:56:46] EDIT notes/controllers/default.py: -1
[2014-12-09 10:58:02] EDIT notes/controllers/default.py: 0
[2014-12-09 10:59:19] EDIT notes/controllers/default.py: 0
[2014-12-09 11:00:24] EDIT notes/controllers/default.py: 0
[2014-12-09 11:00:52] EDIT notes/controllers/default.py: -1
[2014-12-09 11:01:08] EDIT notes/controllers/default.py: 1
[2014-12-09 11:02:05] EDIT notes/controllers/default.py: -1
[2014-12-09 11:02:22] EDIT notes/controllers/default.py: 1
[2014-12-09 11:02:25] EDIT notes/controllers/default.py: 0
[2014-12-09 11:03:06] EDIT notes/controllers/default.py: 0
[2014-12-09 11:04:57] EDIT notes/controllers/default.py: -4
[2014-12-09 11:05:36] EDIT notes/controllers/default.py: 0
[2014-12-09 11:05:45] EDIT notes/controllers/default.py: 1
[2014-12-09 11:05:47] EDIT notes/controllers/default.py: 0
[2014-12-09 11:06:01] EDIT notes/controllers/default.py: -1
[2014-12-09 11:06:59] EDIT notes/controllers/default.py: 0
[2014-12-09 11:07:34] EDIT notes/controllers/default.py: 0
[2014-12-09 11:08:39] EDIT notes/controllers/default.py: -1
[2014-12-09 11:08:43] EDIT notes/controllers/default.py: -1
[2014-12-09 11:08:45] EDIT notes/controllers/default.py: 0
[2014-12-09 11:09:05] EDIT notes/controllers/default.py: 0
[2014-12-09 11:09:18] EDIT notes/views/default/show.html: 22
[2014-12-09 11:09:25] EDIT notes/views/default/show.html: 0
[2014-12-09 11:09:59] EDIT notes/views/default/show.html: 0
[2014-12-09 11:10:38] EDIT notes/controllers/default.py: 0
[2014-12-09 11:11:17] EDIT notes/controllers/default.py: 0
[2014-12-09 11:12:54] EDIT notes/controllers/default.py: -3
[2014-12-09 11:13:27] EDIT notes/views/default/show.html: 0
[2014-12-09 11:13:36] EDIT notes/controllers/default.py: 0
[2014-12-09 11:13:41] EDIT notes/controllers/default.py: 0
[2014-12-09 11:14:16] EDIT notes/controllers/default.py: 1
[2014-12-09 11:22:19] EDIT notes/models/db.py: 1
[2014-12-09 11:22:28] EDIT notes/models/db.py: 0
[2014-12-09 11:23:58] EDIT notes/models/db.py: 1
[2014-12-09 11:24:22] EDIT notes/models/db.py: 1
[2014-12-09 11:25:23] EDIT notes/models/db.py: 0
[2014-12-09 11:25:31] EDIT notes/models/db.py: 0
[2014-12-09 11:25:58] EDIT notes/models/db.py: 0
[2014-12-09 11:26:27] EDIT notes/models/db.py: 0
[2014-12-09 11:26:30] EDIT notes/models/db.py: -2
[2014-12-09 11:28:55] EDIT notes/models/db.py: 0
[2014-12-09 11:29:08] EDIT notes/controllers/default.py: 2
[2014-12-09 11:29:10] EDIT notes/controllers/default.py: 0
[2014-12-09 11:30:01] EDIT notes/controllers/default.py: 0
[2014-12-09 11:36:15] EDIT notes/controllers/default.py: 0
[2014-12-09 11:36:27] EDIT notes/models/db.py: 0
[2014-12-09 11:36:41] EDIT notes/models/db.py: 0
[2014-12-09 11:37:47] EDIT notes/models/db.py: 0
[2014-12-09 11:37:57] EDIT notes/models/db.py: 0
[2014-12-09 11:38:28] EDIT notes/controllers/default.py: 0
[2014-12-09 11:39:46] EDIT notes/models/db.py: 1
[2014-12-09 11:39:54] EDIT notes/models/db.py: 0
[2014-12-09 11:40:02] EDIT notes/models/db.py: 0
[2014-12-09 11:40:46] EDIT notes/models/db.py: 0
[2014-12-09 11:41:28] EDIT notes/models/db.py: 0
[2014-12-09 11:41:41] EDIT notes/models/db.py: 0
[2014-12-09 11:41:52] EDIT notes/models/db.py: 0
[2014-12-09 11:42:05] EDIT notes/models/db.py: 0
[2014-12-09 11:42:31] EDIT notes/models/db.py: 0
[2014-12-09 11:43:41] EDIT notes/controllers/default.py: -1
[2014-12-09 11:43:50] EDIT notes/controllers/default.py: 1
[2014-12-09 11:44:06] EDIT notes/controllers/default.py: 0
[2014-12-09 11:44:35] EDIT notes/models/db.py: 0
[2014-12-09 11:46:27] EDIT notes/controllers/default.py: 0
[2014-12-09 11:46:43] EDIT notes/controllers/default.py: 0
[2014-12-09 11:47:09] EDIT notes/controllers/default.py: 0
[2014-12-09 12:11:07] EDIT notes/controllers/default.py: 1
[2014-12-09 12:11:31] EDIT notes/controllers/default.py: 1
[2014-12-09 12:17:31] EDIT notes/views/default/show.html: -1
[2014-12-09 12:17:36] EDIT notes/views/default/show.html: 0
[2014-12-09 12:18:19] EDIT notes/controllers/default.py: 0
[2014-12-09 13:24:24] EDIT notes/controllers/default.py: 0
[2014-12-09 13:24:36] EDIT notes/controllers/default.py: 0
[2014-12-09 13:42:16] EDIT notes/models/menu.py: 0
[2014-12-09 13:42:42] EDIT notes/models/menu.py: 0
[2014-12-09 13:43:08] EDIT notes/models/menu.py: 0
[2014-12-09 13:44:28] EDIT notes/models/menu.py: 0
[2014-12-09 13:44:50] EDIT notes/models/menu.py: 0
[2014-12-09 13:45:06] EDIT notes/models/menu.py: -1
[2014-12-09 13:48:42] EDIT notes/models/menu.py: 0
[2014-12-09 13:48:44] EDIT notes/models/menu.py: 0
[2014-12-09 13:49:20] EDIT notes/controllers/default.py: 1
[2014-12-09 13:49:59] EDIT notes/controllers/default.py: 0
[2014-12-09 13:50:12] EDIT notes/controllers/default.py: -1
[2014-12-09 13:50:14] EDIT notes/controllers/default.py: 0
[2014-12-09 15:59:59] EDIT notes/models/menu.py: 0
[2014-12-09 16:01:07] EDIT notes/models/menu.py: 0
[2014-12-09 16:01:53] EDIT notes/models/menu.py: 0
[2014-12-09 16:02:07] EDIT notes/models/menu.py: 1
[2014-12-09 16:02:19] EDIT notes/models/menu.py: 0
[2014-12-09 16:02:25] EDIT notes/models/menu.py: 0
[2014-12-09 16:02:59] EDIT notes/controllers/default.py: 1
[2014-12-09 16:03:18] EDIT notes/controllers/default.py: 0
[2014-12-09 16:03:29] EDIT notes/controllers/default.py: -1
[2014-12-09 16:03:37] EDIT notes/controllers/default.py: 0
[2014-12-09 16:04:01] EDIT notes/views/default/show.html: 2
[2014-12-09 16:04:11] EDIT notes/views/default/show.html: 1
[2014-12-09 16:04:29] EDIT notes/views/default/show.html: -3
[2014-12-09 16:04:34] EDIT notes/controllers/default.py: 0
[2014-12-09 16:04:54] EDIT notes/views/default/show.html: 1
[2014-12-09 16:05:04] EDIT notes/views/default/show.html: 0
[2014-12-09 16:05:31] EDIT notes/views/default/show.html: 0
[2014-12-09 17:02:54] EDIT notes/views/default/show.html: 0
[2014-12-09 17:07:14] EDIT notes/models/db.py: 3
[2014-12-09 17:07:57] EDIT notes/models/db.py: 0
[2014-12-09 17:08:42] EDIT notes/models/db.py: 0
[2014-12-09 17:09:02] EDIT notes/models/db.py: 0
[2014-12-09 17:09:42] EDIT notes/models/db.py: 0
[2014-12-09 17:10:29] EDIT notes/models/db.py: 1
[2014-12-09 17:14:00] EDIT notes/controllers/default.py: 8
[2014-12-09 17:14:08] EDIT notes/controllers/default.py: -3
[2014-12-09 17:14:12] EDIT notes/controllers/default.py: 0
[2014-12-09 17:14:33] EDIT notes/controllers/default.py: 0
[2014-12-09 17:14:46] EDIT notes/controllers/default.py: 0
[2014-12-09 17:15:02] CREATE default/add_share_users.html: 0
[2014-12-09 17:15:18] EDIT notes/controllers/default.py: 0
[2014-12-09 17:15:26] EDIT notes/views/default/add_share_users.html: -1
[2014-12-09 17:15:44] EDIT notes/models/menu.py: 0
[2014-12-09 17:16:39] EDIT notes/models/db.py: 0
[2014-12-09 17:17:38] EDIT notes/models/db.py: 0
[2014-12-09 17:19:14] EDIT notes/models/db.py: 1
[2014-12-09 17:27:30] EDIT notes/controllers/default.py: 3
[2014-12-09 17:29:01] EDIT notes/controllers/default.py: 1
[2014-12-09 17:30:51] EDIT notes/controllers/default.py: 5
[2014-12-09 17:31:29] EDIT notes/controllers/default.py: 0
[2014-12-09 17:31:58] EDIT notes/models/menu.py: 0
[2014-12-09 17:32:37] EDIT notes/controllers/default.py: 0
[2014-12-09 17:33:22] EDIT notes/controllers/default.py: 0
[2014-12-09 17:35:39] EDIT notes/controllers/default.py: 1
[2014-12-09 17:36:27] CREATE default/share_notes.html: 0
[2014-12-09 17:37:37] EDIT notes/views/default/share_notes.html: 6
[2014-12-09 17:43:44] EDIT notes/controllers/default.py: 0
[2014-12-09 17:43:46] EDIT notes/controllers/default.py: 0
[2014-12-09 17:44:04] EDIT notes/views/default/share_notes.html: 15
[2014-12-09 17:45:38] EDIT notes/views/default/share_notes.html: 6
[2014-12-09 17:45:44] EDIT notes/views/default/share_notes.html: 0
[2014-12-09 17:46:16] EDIT notes/views/default/share_notes.html: 0
[2014-12-09 17:46:45] EDIT notes/views/default/share_notes.html: 0
[2014-12-09 17:47:00] EDIT notes/views/default/share_notes.html: 0
[2014-12-09 17:47:21] EDIT notes/controllers/default.py: 10
[2014-12-09 17:47:27] EDIT notes/controllers/default.py: 0
[2014-12-09 17:48:59] EDIT notes/controllers/default.py: 6
[2014-12-09 17:50:11] EDIT notes/controllers/default.py: 1
[2014-12-09 17:53:46] EDIT notes/controllers/default.py: -4
[2014-12-09 17:53:57] EDIT notes/controllers/default.py: -1
[2014-12-09 17:55:03] EDIT notes/views/default/share_notes.html: 0
[2014-12-09 17:55:11] EDIT notes/views/default/share_notes.html: 0
[2014-12-09 17:55:48] EDIT notes/controllers/default.py: 0
[2014-12-09 17:55:52] EDIT notes/controllers/default.py: 0
[2014-12-09 17:57:03] EDIT notes/controllers/default.py: 0
[2014-12-09 17:58:00] EDIT notes/controllers/default.py: 0
[2014-12-09 17:58:13] EDIT notes/controllers/default.py: 0
[2014-12-09 17:58:35] EDIT notes/controllers/default.py: 0
[2014-12-09 17:58:55] EDIT notes/controllers/default.py: 1
[2014-12-09 17:59:27] EDIT notes/controllers/default.py: 0
[2014-12-09 17:59:42] EDIT notes/controllers/default.py: 0
[2014-12-09 18:02:10] EDIT notes/controllers/default.py: 0
[2014-12-09 18:03:24] EDIT notes/controllers/default.py: 2
[2014-12-09 18:04:27] EDIT notes/views/default/share_notes.html: 0
[2014-12-09 18:04:39] EDIT notes/views/default/share_notes.html: 0
[2014-12-09 18:04:39] EDIT notes/views/default/share_notes.html: 0
[2014-12-09 18:04:39] EDIT notes/views/default/share_notes.html: 0
[2014-12-09 18:05:29] EDIT notes/views/default/share_notes.html: 0
[2014-12-09 18:05:58] EDIT notes/views/default/share_notes.html: 0
[2014-12-09 18:06:20] EDIT notes/controllers/default.py: 0
[2014-12-09 18:07:13] EDIT notes/controllers/default.py: -1
[2014-12-09 18:07:41] EDIT notes/controllers/default.py: 1
[2014-12-09 18:08:14] EDIT notes/controllers/default.py: 0
[2014-12-09 18:10:03] EDIT notes/controllers/default.py: 0
[2014-12-09 18:11:27] EDIT notes/controllers/default.py: 0
[2014-12-09 18:12:16] EDIT notes/controllers/default.py: 0
[2014-12-09 18:12:27] EDIT notes/controllers/default.py: 0
[2014-12-09 18:12:52] EDIT notes/controllers/default.py: 0
[2014-12-09 18:14:26] EDIT notes/controllers/default.py: -4
[2014-12-09 18:14:29] EDIT notes/controllers/default.py: 0
[2014-12-09 18:15:06] EDIT notes/controllers/default.py: 1
[2014-12-09 18:15:37] EDIT notes/controllers/default.py: 0
[2014-12-09 18:15:56] EDIT notes/controllers/default.py: 0
[2014-12-09 18:15:57] EDIT notes/controllers/default.py: 0
[2014-12-09 18:16:28] EDIT notes/controllers/default.py: 0
[2014-12-09 18:16:30] EDIT notes/controllers/default.py: 0
[2014-12-09 18:17:50] EDIT notes/views/default/share_notes.html: -1
[2014-12-09 18:18:08] EDIT notes/views/default/share_notes.html: 0
[2014-12-09 18:18:38] EDIT notes/views/default/share_notes.html: 2
[2014-12-09 18:21:00] EDIT notes/controllers/default.py: 2
[2014-12-09 18:21:02] EDIT notes/controllers/default.py: 0
[2014-12-09 18:21:10] EDIT notes/views/default/share_notes.html: 0
[2014-12-09 18:21:10] EDIT notes/views/default/share_notes.html: 0
[2014-12-09 18:21:49] EDIT notes/controllers/default.py: 1
[2014-12-09 18:23:03] EDIT notes/controllers/default.py: 0
[2014-12-09 18:23:47] EDIT notes/controllers/default.py: 0
[2014-12-09 18:23:58] EDIT notes/views/default/share_notes.html: 1
[2014-12-09 18:25:22] EDIT notes/controllers/default.py: 0
[2014-12-09 18:26:40] EDIT notes/controllers/default.py: 0
[2014-12-09 18:29:03] EDIT notes/controllers/default.py: 0
[2014-12-09 18:29:12] EDIT notes/controllers/default.py: 1
[2014-12-09 18:29:57] EDIT notes/controllers/default.py: 2
[2014-12-09 18:30:04] EDIT notes/controllers/default.py: 0
[2014-12-09 18:30:18] EDIT notes/controllers/default.py: 0
[2014-12-09 18:31:16] EDIT notes/controllers/default.py: 0
[2014-12-09 18:33:06] EDIT notes/controllers/default.py: 0
[2014-12-09 18:33:31] EDIT notes/controllers/default.py: 0
[2014-12-09 18:34:30] EDIT notes/controllers/default.py: 0
[2014-12-09 18:34:33] EDIT notes/controllers/default.py: 0
[2014-12-09 18:35:00] EDIT notes/controllers/default.py: 0
[2014-12-09 18:35:16] EDIT notes/controllers/default.py: 0
[2014-12-09 18:35:53] EDIT notes/controllers/default.py: 2
[2014-12-09 18:36:14] EDIT notes/controllers/default.py: 1
[2014-12-09 18:36:57] EDIT notes/controllers/default.py: 0
[2014-12-09 18:36:57] EDIT notes/controllers/default.py: 0
[2014-12-09 18:36:57] EDIT notes/controllers/default.py: 0
[2014-12-09 18:37:18] EDIT notes/controllers/default.py: 0
[2014-12-09 18:38:29] EDIT notes/controllers/default.py: 0
[2014-12-09 18:38:38] EDIT notes/controllers/default.py: 0
[2014-12-09 18:39:07] EDIT notes/controllers/default.py: 0
[2014-12-09 18:39:27] EDIT notes/controllers/default.py: 0
[2014-12-09 18:40:06] EDIT notes/controllers/default.py: 2
[2014-12-09 18:42:01] EDIT notes/controllers/default.py: 1
[2014-12-09 18:42:53] EDIT notes/controllers/default.py: 0
[2014-12-09 18:43:10] EDIT notes/controllers/default.py: -2
[2014-12-09 18:44:07] EDIT notes/controllers/default.py: 0
[2014-12-09 18:44:09] EDIT notes/controllers/default.py: 0
[2014-12-09 18:45:44] EDIT notes/controllers/default.py: 0
[2014-12-09 18:46:04] EDIT notes/controllers/default.py: 0
[2014-12-09 18:46:52] EDIT notes/controllers/default.py: -1
[2014-12-09 18:51:34] EDIT notes/controllers/default.py: 0
[2014-12-09 18:52:16] EDIT notes/controllers/default.py: 0
[2014-12-09 18:52:42] EDIT notes/controllers/default.py: 0
[2014-12-09 18:52:45] EDIT notes/controllers/default.py: 0
[2014-12-09 18:55:22] EDIT notes/controllers/default.py: 0
[2014-12-09 18:55:24] EDIT notes/controllers/default.py: 0
[2014-12-10 08:50:38] EDIT notes/controllers/default.py: 1
[2014-12-10 08:59:59] EDIT notes/controllers/default.py: -1
[2014-12-10 09:00:01] EDIT notes/controllers/default.py: 0
[2014-12-10 09:00:49] EDIT notes/controllers/default.py: 1
[2014-12-10 09:01:34] EDIT notes/controllers/default.py: 0
[2014-12-10 09:01:54] EDIT notes/controllers/default.py: 0
[2014-12-10 09:02:03] EDIT notes/controllers/default.py: -1
[2014-12-10 09:04:04] EDIT notes/views/default/share_notes.html: 6
[2014-12-10 09:04:40] EDIT notes/views/default/share_notes.html: 0
[2014-12-10 09:06:18] EDIT notes/views/default/share_notes.html: 0
[2014-12-10 09:06:36] EDIT notes/views/default/share_notes.html: 0
[2014-12-10 09:06:44] EDIT notes/views/default/share_notes.html: 0
[2014-12-10 09:07:28] EDIT notes/controllers/default.py: 0
[2014-12-10 09:07:35] EDIT notes/views/default/share_notes.html: 0
[2014-12-10 09:08:29] EDIT notes/controllers/default.py: 0
[2014-12-10 09:08:44] EDIT notes/controllers/default.py: 1
[2014-12-10 09:08:54] EDIT notes/controllers/default.py: 0
[2014-12-10 09:09:18] EDIT notes/controllers/default.py: 1
[2014-12-10 09:09:39] EDIT notes/controllers/default.py: 1
[2014-12-10 09:12:10] EDIT notes/controllers/default.py: 0
[2014-12-10 09:12:20] CREATE default/share.html: 0
[2014-12-10 09:12:59] EDIT notes/views/default/share.html: -2
[2014-12-10 09:13:14] EDIT notes/views/default/share.html: 1
[2014-12-10 09:15:42] EDIT notes/views/default/share_notes.html: 0
[2014-12-10 09:16:15] EDIT notes/views/default/share_notes.html: 0
[2014-12-10 09:16:45] EDIT notes/views/default/share_notes.html: 0
[2014-12-10 09:23:56] EDIT notes/views/default/user.html: 0
[2014-12-10 09:25:32] EDIT notes/models/db.py: 1
[2014-12-10 09:25:52] EDIT notes/views/default/user.html: 0
[2014-12-10 09:33:48] EDIT notes/controllers/default.py: 5
[2014-12-10 09:33:54] EDIT notes/controllers/default.py: 1
[2014-12-10 09:34:11] EDIT notes/controllers/default.py: -1
[2014-12-10 09:37:13] EDIT notes/views/default/share.html: 6
[2014-12-10 09:37:52] EDIT notes/controllers/default.py: 0
[2014-12-10 09:39:52] EDIT notes/controllers/default.py: 1
[2014-12-10 09:40:19] EDIT notes/controllers/default.py: 0
[2014-12-10 09:40:29] EDIT notes/controllers/default.py: 0
[2014-12-10 09:40:35] EDIT notes/controllers/default.py: 0
[2014-12-10 09:40:41] EDIT notes/controllers/default.py: -1
[2014-12-10 09:41:09] EDIT notes/controllers/default.py: 0
[2014-12-10 09:41:11] EDIT notes/controllers/default.py: 0
[2014-12-10 09:41:31] EDIT notes/views/default/share.html: -1
[2014-12-10 09:45:48] EDIT notes/views/default/share_notes.html: 0
[2014-12-10 09:46:54] EDIT notes/views/default/share_notes.html: 1
[2014-12-10 09:49:36] EDIT notes/controllers/default.py: 1
[2014-12-10 09:49:49] EDIT notes/controllers/default.py: -1
[2014-12-10 09:51:47] EDIT notes/controllers/default.py: 2
[2014-12-10 09:52:25] EDIT notes/controllers/default.py: 0
[2014-12-10 09:53:23] EDIT notes/controllers/default.py: 1
[2014-12-10 09:54:20] EDIT notes/controllers/default.py: 0
[2014-12-10 09:56:08] EDIT notes/views/default/show.html: -1
[2014-12-10 09:56:50] EDIT notes/views/default/share_notes.html: 0
[2014-12-10 09:57:28] EDIT notes/views/default/share_notes.html: 0
[2014-12-10 10:03:24] EDIT notes/views/layout.html: 0
[2014-12-10 10:03:32] EDIT notes/views/layout.html: 0
[2014-12-10 10:04:14] EDIT notes/controllers/default.py: 1
[2014-12-10 10:04:47] EDIT notes/controllers/default.py: 0
[2014-12-10 10:05:37] EDIT notes/controllers/default.py: 0
[2014-12-10 10:06:09] EDIT notes/controllers/default.py: 0
[2014-12-10 10:06:29] EDIT notes/controllers/default.py: 0
[2014-12-10 10:06:50] EDIT notes/controllers/default.py: -1
[2014-12-10 10:08:36] EDIT notes/controllers/default.py: 1
[2014-12-10 10:09:10] EDIT notes/controllers/default.py: -1
[2014-12-10 10:10:37] EDIT notes/models/db.py: 1
[2014-12-10 10:11:44] EDIT notes/models/db.py: 0
[2014-12-10 10:13:52] EDIT notes/controllers/default.py: 3
[2014-12-10 10:14:03] EDIT notes/models/menu.py: -1
[2014-12-10 10:14:47] EDIT notes/controllers/default.py: 0
[2014-12-10 10:15:06] EDIT notes/controllers/default.py: -3
[2014-12-10 10:15:10] EDIT notes/models/menu.py: 1
[2014-12-10 10:15:10] EDIT notes/models/menu.py: 0
[2014-12-10 10:17:58] EDIT notes/models/menu.py: 0
[2014-12-10 10:18:06] EDIT notes/models/menu.py: 0
[2014-12-10 10:22:24] EDIT notes/controllers/default.py: 0
[2014-12-10 10:22:35] EDIT notes/controllers/default.py: 0
[2014-12-10 10:24:19] EDIT notes/controllers/default.py: 0
[2014-12-10 10:24:21] EDIT notes/controllers/default.py: 0
[2014-12-10 10:29:19] EDIT notes/views/layout.html: 0
[2014-12-10 10:47:34] EDIT notes/controllers/default.py: 2
[2014-12-10 10:47:47] CREATE default/todo.html: 0
[2014-12-10 10:49:15] EDIT notes/views/default/todo.html: 84
[2014-12-10 10:52:20] EDIT notes/views/default/todo.html: 0
[2014-12-10 10:52:20] EDIT notes/views/default/todo.html: 0
[2014-12-10 10:52:21] EDIT notes/views/default/todo.html: 0
[2014-12-10 10:53:17] EDIT notes/views/default/todo.html: 0
[2014-12-10 10:53:33] EDIT notes/views/default/todo.html: 0
[2014-12-10 10:54:02] EDIT notes/views/default/todo.html: 0
[2014-12-10 10:54:18] EDIT notes/views/default/todo.html: 0
[2014-12-10 10:55:17] EDIT notes/views/default/todo.html: 0
[2014-12-10 10:55:32] EDIT notes/views/default/todo.html: 0
[2014-12-10 10:55:45] EDIT notes/views/default/todo.html: 0
[2014-12-10 10:55:57] EDIT notes/views/default/todo.html: 0
[2014-12-10 10:57:43] EDIT notes/views/default/todo.html: 0
[2014-12-10 10:57:51] EDIT notes/views/default/todo.html: -5
[2014-12-10 10:58:30] EDIT notes/views/default/todo.html: 0
[2014-12-10 10:59:27] EDIT notes/views/default/todo.html: 0
[2014-12-10 10:59:37] EDIT notes/views/default/todo.html: 0
[2014-12-10 11:00:00] EDIT notes/views/default/todo.html: 0
[2014-12-10 11:00:10] EDIT notes/views/default/todo.html: -1
[2014-12-10 11:00:20] EDIT notes/views/default/todo.html: -1
[2014-12-10 11:00:21] EDIT notes/views/default/todo.html: 0
[2014-12-10 11:00:28] EDIT notes/views/default/todo.html: 2
[2014-12-10 11:01:29] EDIT notes/views/default/todo.html: 0
[2014-12-10 11:01:29] EDIT notes/views/default/todo.html: 0
[2014-12-10 11:03:59] EDIT notes/static/js/app.js: 0
[2014-12-10 11:04:33] EDIT notes/static/js/app.js: 0
[2014-12-10 11:05:08] EDIT notes/static/js/app.js: 1
[2014-12-10 11:05:37] EDIT notes/static/js/app.js: 0
[2014-12-10 11:06:35] EDIT notes/static/js/app.js: 2
[2014-12-10 11:06:35] EDIT notes/static/js/app.js: 0
[2014-12-10 11:06:47] EDIT notes/static/js/app.js: 0
[2014-12-10 11:06:52] EDIT notes/static/js/app.js: 0
[2014-12-10 11:06:53] EDIT notes/static/js/app.js: 0
[2014-12-10 11:07:44] EDIT notes/views/default/todo.html: -1
[2014-12-10 11:09:27] EDIT notes/views/default/todo.html: 0
[2014-12-10 11:09:31] EDIT notes/views/default/todo.html: 1
[2014-12-10 11:09:53] EDIT notes/views/default/todo.html: 0
[2014-12-10 11:10:16] EDIT notes/views/default/todo.html: 1
[2014-12-10 11:10:38] EDIT notes/views/default/todo.html: 1
[2014-12-10 11:14:50] EDIT notes/views/default/todo.html: -1
[2014-12-10 11:24:57] EDIT notes/views/default/todo.html: 0
[2014-12-10 11:25:09] EDIT notes/views/default/todo.html: 1
[2014-12-10 11:27:05] EDIT notes/views/default/todo.html: -1
[2014-12-10 11:28:06] EDIT notes/views/default/todo.html: 21
[2014-12-10 11:28:24] EDIT notes/views/default/todo.html: 0
[2014-12-10 11:30:42] EDIT notes/views/default/todo.html: -2
[2014-12-10 11:31:15] EDIT notes/views/default/todo.html: 2
[2014-12-10 11:32:16] EDIT notes/views/default/todo.html: 35
[2014-12-10 11:33:23] EDIT notes/views/default/todo.html: -23
[2014-12-10 11:33:36] EDIT notes/views/default/todo.html: 0
[2014-12-10 11:34:14] EDIT notes/views/default/todo.html: 0
[2014-12-10 11:34:36] EDIT notes/views/default/todo.html: 0
[2014-12-10 11:34:48] EDIT notes/views/default/todo.html: 0
[2014-12-10 11:35:46] EDIT notes/views/default/todo.html: 5
[2014-12-10 11:36:00] EDIT notes/views/default/todo.html: 1
[2014-12-10 11:36:28] EDIT notes/views/default/todo.html: 0
[2014-12-10 11:36:42] EDIT notes/views/default/todo.html: -6
[2014-12-10 11:38:15] EDIT notes/views/default/todo.html: 2
[2014-12-10 11:38:49] EDIT notes/views/default/todo.html: -2
[2014-12-10 11:38:56] EDIT notes/views/default/todo.html: -20
[2014-12-10 11:39:15] EDIT notes/views/default/todo.html: -11
[2014-12-10 11:39:21] EDIT notes/views/default/todo.html: 0
[2014-12-10 11:39:37] EDIT notes/views/default/todo.html: 0
[2014-12-10 11:40:11] EDIT notes/models/menu.py: 1
[2014-12-10 11:43:05] EDIT notes/static/js/app.js: -6
[2014-12-10 11:43:38] EDIT notes/controllers/default.py: 1
[2014-12-10 11:47:56] EDIT notes/controllers/default.py: 0
[2014-12-10 11:55:39] EDIT notes/static/css/css-todo/bootstrap.min.css: 0
[2014-12-10 11:56:31] EDIT notes/static/css/css-todo/bootstrap.min.css: 0
[2014-12-10 11:57:40] EDIT notes/static/css/css-todo/bootstrap.min.css: 0
[2014-12-10 11:58:26] EDIT notes/static/css/css-todo/bootstrap.min.css: 0
[2014-12-10 12:02:29] EDIT notes/static/js/app.js: 0
[2014-12-10 12:02:40] EDIT notes/controllers/default.py: -1
[2014-12-10 12:02:44] EDIT notes/controllers/default.py: 0
[2014-12-10 12:02:46] EDIT notes/controllers/default.py: 0
[2014-12-10 12:02:48] EDIT notes/controllers/default.py: 0
[2014-12-10 12:02:50] EDIT notes/controllers/default.py: 0
[2014-12-10 12:02:52] EDIT notes/controllers/default.py: 0
[2014-12-10 12:02:55] EDIT notes/controllers/default.py: 0
[2014-12-10 12:02:57] EDIT notes/controllers/default.py: 0
[2014-12-10 12:03:00] EDIT notes/controllers/default.py: 0
[2014-12-10 12:03:06] EDIT notes/controllers/default.py: 0
[2014-12-10 12:03:17] EDIT notes/controllers/default.py: -19
[2014-12-10 12:03:32] EDIT notes/controllers/default.py: -6
[2014-12-10 12:03:36] EDIT notes/controllers/default.py: -1
[2014-12-10 12:03:45] EDIT notes/controllers/default.py: -14
[2014-12-10 12:03:47] EDIT notes/controllers/default.py: 0
[2014-12-10 12:03:50] EDIT notes/controllers/default.py: 0
[2014-12-10 12:04:18] EDIT notes/views/default/todo.html: 1
[2014-12-10 12:16:29] EDIT notes/static/js/app.js: 6
[2014-12-10 12:17:05] EDIT notes/static/js/app.js: -6
[2014-12-10 17:35:49] EDIT notes/controllers/default.py: 0
[2014-12-15 10:27:16] EDIT notes/views/default/show.html: 3
[2014-12-15 10:28:03] EDIT notes/views/default/show.html: -2
[2014-12-15 10:28:20] EDIT notes/views/default/show.html: 0
[2014-12-15 10:29:09] EDIT notes/views/default/show.html: 0
[2014-12-15 10:30:31] EDIT notes/views/default/show.html: 0
[2014-12-15 10:31:12] EDIT notes/controllers/default.py: 1
[2014-12-15 10:31:20] EDIT notes/controllers/default.py: 0
[2014-12-15 10:32:04] EDIT notes/controllers/default.py: 0
[2014-12-15 10:32:05] EDIT notes/controllers/default.py: 0
[2014-12-15 10:32:11] EDIT notes/views/default/show.html: -1
[2014-12-16 08:39:03] EDIT notes/static/plugin_ckeditor/config.js: 2
[2014-12-16 08:39:36] EDIT notes/static/plugin_ckeditor/config.js: 0
[2014-12-16 08:40:13] EDIT notes/static/plugin_ckeditor/config.js: 0
[2014-12-16 08:40:26] EDIT notes/static/plugin_ckeditor/config.js: 0
[2014-12-16 08:40:30] EDIT notes/static/plugin_ckeditor/config.js: 0
[2014-12-16 08:40:36] EDIT notes/static/plugin_ckeditor/config.js: 0
[2014-12-16 08:40:56] EDIT notes/static/plugin_ckeditor/config.js: 0
[2014-12-16 08:40:57] EDIT notes/static/plugin_ckeditor/config.js: 0
[2014-12-16 08:41:27] EDIT notes/static/plugin_ckeditor/config.js: -2
[2014-12-16 13:29:29] EDIT notes/models/menu.py: 1
[2014-12-16 13:31:11] EDIT notes/models/menu.py: 0
[2014-12-16 13:31:46] EDIT notes/controllers/default.py: 2
[2014-12-16 13:33:12] EDIT notes/models/db.py: 3
[2014-12-16 13:33:15] EDIT notes/models/db.py: 0
[2014-12-16 13:34:35] EDIT notes/models/db.py: 2
[2014-12-16 13:34:55] EDIT notes/models/db.py: 0
[2014-12-16 13:36:37] EDIT notes/controllers/default.py: -2
[2014-12-16 13:36:49] CREATE projects.py: 0
[2014-12-16 13:36:53] EDIT notes/controllers/projects.py: 1
[2014-12-16 13:37:04] EDIT notes/controllers/projects.py: -2
[2014-12-16 13:37:10] EDIT notes/controllers/projects.py: 1
[2014-12-16 13:37:14] EDIT notes/controllers/projects.py: 1
[2014-12-16 13:37:20] EDIT notes/models/menu.py: 0
[2014-12-16 13:37:29] EDIT notes/models/menu.py: 0
[2014-12-16 13:37:34] EDIT notes/models/menu.py: 0
[2014-12-16 13:40:50] EDIT notes/controllers/projects.py: 0
[2014-12-16 13:40:52] EDIT notes/controllers/projects.py: 0
[2014-12-16 13:41:16] CREATE projects/add_project.html: 0
[2014-12-16 13:41:28] EDIT notes/views/projects/add_project.html: -2
[2014-12-16 13:41:49] EDIT notes/views/projects/add_project.html: 3
[2014-12-16 13:41:58] EDIT notes/views/projects/add_project.html: 2
[2014-12-16 13:44:45] EDIT notes/models/db.py: 1
[2014-12-16 13:44:59] EDIT notes/models/db.py: 1
[2014-12-16 13:45:12] EDIT notes/views/projects/add_project.html: 2
[2014-12-16 13:46:28] EDIT notes/models/menu.py: 0
[2014-12-16 13:46:38] EDIT notes/models/menu.py: 0
[2014-12-16 13:46:43] EDIT notes/views/projects/add_project.html: 0
[2014-12-16 13:47:10] EDIT notes/models/db.py: 0
[2014-12-16 13:47:36] EDIT notes/controllers/projects.py: 0
[2014-12-16 13:47:59] EDIT notes/views/projects/add_project.html: 0
[2014-12-16 13:51:59] EDIT notes/views/projects/add_project.html: 0
[2014-12-16 13:52:06] EDIT notes/controllers/projects.py: 0
[2014-12-16 13:52:19] EDIT notes/controllers/projects.py: 8
[2014-12-16 13:52:36] EDIT notes/controllers/projects.py: -1
[2014-12-16 13:57:05] EDIT notes/controllers/projects.py: 3
[2014-12-16 13:57:09] EDIT notes/controllers/projects.py: 0
[2014-12-16 14:00:34] EDIT notes/controllers/projects.py: 4
[2014-12-16 14:00:39] EDIT notes/controllers/projects.py: 0
[2014-12-16 14:01:14] EDIT notes/views/projects/add_project.html: 6
[2014-12-16 14:01:57] EDIT notes/views/projects/add_project.html: 0
[2014-12-16 14:02:21] EDIT notes/views/projects/add_project.html: 0
[2014-12-16 14:02:24] EDIT notes/views/projects/add_project.html: 0
[2014-12-16 14:03:22] EDIT notes/controllers/projects.py: 0
[2014-12-16 14:03:27] EDIT notes/controllers/projects.py: -1
[2014-12-16 14:03:37] EDIT notes/views/projects/add_project.html: 0
[2014-12-16 14:05:26] EDIT notes/controllers/projects.py: 0
[2014-12-16 14:08:02] EDIT notes/controllers/projects.py: 2
[2014-12-16 14:08:30] EDIT notes/controllers/projects.py: 0
[2014-12-16 14:08:46] EDIT notes/views/projects/add_project.html: 0
[2014-12-16 14:09:04] EDIT notes/controllers/projects.py: 0
[2014-12-16 14:09:44] EDIT notes/controllers/projects.py: -1
[2014-12-16 14:12:21] EDIT notes/controllers/projects.py: 0
[2014-12-16 14:14:10] EDIT notes/views/projects/add_project.html: 0
[2014-12-16 14:14:19] EDIT notes/controllers/projects.py: -4
[2014-12-16 14:14:26] EDIT notes/views/projects/add_project.html: -3
[2014-12-16 14:14:39] EDIT notes/controllers/projects.py: -2
[2014-12-16 14:15:53] EDIT notes/controllers/projects.py: 6
[2014-12-16 14:22:11] EDIT notes/controllers/projects.py: 0
[2014-12-16 14:22:15] EDIT notes/controllers/projects.py: -2
[2014-12-16 14:23:05] EDIT notes/views/projects/add_project.html: 1
[2014-12-16 14:23:22] EDIT notes/views/projects/add_project.html: -1
[2014-12-16 14:23:31] EDIT notes/views/projects/add_project.html: 0
[2014-12-16 14:25:02] EDIT notes/views/projects/add_project.html: 2
[2014-12-16 14:25:05] EDIT notes/views/projects/add_project.html: 0
[2014-12-16 14:25:40] EDIT notes/views/projects/add_project.html: 0
[2014-12-16 14:25:56] EDIT notes/views/projects/add_project.html: 0
[2014-12-16 14:26:07] EDIT notes/views/projects/add_project.html: 0
[2014-12-16 14:27:07] EDIT notes/views/projects/add_project.html: 0
[2014-12-16 14:27:36] EDIT notes/controllers/projects.py: 2
[2014-12-16 14:28:00] EDIT notes/views/projects/add_project.html: 4
[2014-12-16 14:29:09] EDIT notes/controllers/projects.py: -2
[2014-12-16 14:29:29] EDIT notes/controllers/projects.py: 1
[2014-12-16 14:29:51] EDIT notes/views/projects/add_project.html: 0
[2014-12-16 14:31:24] EDIT notes/views/projects/add_project.html: 0
[2014-12-16 14:31:40] EDIT notes/views/projects/add_project.html: 0
[2014-12-16 14:31:47] EDIT notes/views/projects/add_project.html: 0
[2014-12-16 14:31:50] EDIT notes/views/projects/add_project.html: 0
[2014-12-16 14:32:25] EDIT notes/controllers/projects.py: -3
[2014-12-16 14:32:33] EDIT notes/views/projects/add_project.html: -4
[2014-12-16 14:32:37] EDIT notes/controllers/projects.py: 0
[2014-12-16 14:33:01] EDIT notes/controllers/projects.py: 2
[2014-12-16 14:33:05] EDIT notes/controllers/projects.py: 0
[2014-12-16 14:33:06] EDIT notes/controllers/projects.py: 0
[2014-12-16 14:35:12] EDIT notes/controllers/projects.py: 1
[2014-12-16 14:35:28] EDIT notes/controllers/projects.py: 1
[2014-12-16 14:35:47] EDIT notes/views/projects/add_project.html: 3
[2014-12-16 14:36:07] EDIT notes/controllers/projects.py: 0
[2014-12-16 14:36:09] EDIT notes/controllers/projects.py: 0
[2014-12-16 14:36:43] EDIT notes/controllers/projects.py: 0
[2014-12-16 14:37:24] EDIT notes/controllers/projects.py: 0
[2014-12-16 14:38:10] EDIT notes/controllers/projects.py: 1
[2014-12-16 14:48:26] EDIT notes/controllers/projects.py: 2
[2014-12-16 14:48:46] EDIT notes/controllers/projects.py: 0
[2014-12-16 14:49:04] EDIT notes/controllers/projects.py: 0
[2014-12-16 14:52:01] EDIT notes/controllers/projects.py: 4
[2014-12-16 14:52:05] EDIT notes/controllers/projects.py: 0
[2014-12-16 14:52:55] EDIT notes/views/projects/add_project.html: 6
[2014-12-16 14:59:38] EDIT notes/controllers/projects.py: 2
[2014-12-16 14:59:58] EDIT notes/views/projects/add_project.html: 3
[2014-12-16 15:00:05] EDIT notes/views/projects/add_project.html: 0
[2014-12-16 15:00:43] EDIT notes/controllers/projects.py: 0
[2014-12-16 15:08:48] EDIT notes/controllers/projects.py: -2
[2014-12-16 15:08:55] EDIT notes/controllers/projects.py: 0
[2014-12-16 15:12:24] EDIT notes/controllers/projects.py: 1
[2014-12-16 15:13:24] EDIT notes/views/projects/add_project.html: 0
[2014-12-16 15:13:27] EDIT notes/views/projects/add_project.html: 0
[2014-12-16 15:17:03] EDIT notes/controllers/projects.py: 2
[2014-12-16 15:17:12] EDIT notes/models/menu.py: 0
[2014-12-16 15:17:38] EDIT notes/controllers/projects.py: 0
[2014-12-16 15:17:58] EDIT notes/controllers/projects.py: 1
[2014-12-16 15:18:46] CREATE projects/view_project.html: 0
[2014-12-16 15:19:42] EDIT notes/views/projects/view_project.html: 5
[2014-12-16 15:20:11] EDIT notes/views/projects/view_project.html: -1
[2014-12-16 15:20:14] EDIT notes/views/projects/view_project.html: 0
[2014-12-16 15:20:36] EDIT notes/controllers/projects.py: 0
[2014-12-16 15:20:50] EDIT notes/controllers/projects.py: 0
[2014-12-16 15:21:00] EDIT notes/models/menu.py: 0
[2014-12-16 15:21:30] EDIT notes/views/projects/view_project.html: 0
[2014-12-16 15:21:40] EDIT notes/views/projects/view_project.html: 0
[2014-12-16 15:22:05] EDIT notes/views/projects/view_project.html: 0
[2014-12-16 15:22:33] EDIT notes/views/projects/view_project.html: 1
[2014-12-16 15:23:06] EDIT notes/views/projects/view_project.html: -1
[2014-12-16 15:23:15] EDIT notes/views/projects/view_project.html: 0
[2014-12-16 15:23:24] EDIT notes/views/projects/view_project.html: 0
[2014-12-16 15:29:29] EDIT notes/views/projects/view_project.html: 0
[2014-12-16 15:29:40] EDIT notes/controllers/projects.py: 11
[2014-12-16 15:29:52] EDIT notes/controllers/projects.py: 0
[2014-12-16 15:30:06] EDIT notes/controllers/projects.py: -1
[2014-12-16 15:30:09] EDIT notes/controllers/projects.py: 0
[2014-12-16 15:31:47] EDIT notes/controllers/projects.py: 1
[2014-12-16 15:32:53] EDIT notes/views/projects/view_project.html: 5
[2014-12-16 15:33:52] EDIT notes/controllers/projects.py: 0
[2014-12-16 15:34:02] EDIT notes/controllers/projects.py: 0
[2014-12-16 15:35:59] EDIT notes/controllers/projects.py: 1
[2014-12-16 15:36:14] EDIT notes/controllers/projects.py: 0
[2014-12-16 15:38:02] EDIT notes/controllers/projects.py: 2
[2014-12-16 15:38:23] EDIT notes/controllers/projects.py: 1
[2014-12-16 15:39:05] EDIT notes/controllers/projects.py: 0
[2014-12-16 15:39:23] EDIT notes/controllers/projects.py: -2
[2014-12-16 15:39:49] EDIT notes/views/projects/view_project.html: 2
[2014-12-16 15:40:24] EDIT notes/views/projects/view_project.html: -2
[2014-12-16 15:40:39] EDIT notes/views/projects/view_project.html: 0
[2014-12-16 15:41:01] EDIT notes/views/projects/view_project.html: 0
[2014-12-16 15:41:25] EDIT notes/controllers/projects.py: 2
[2014-12-16 15:41:40] EDIT notes/controllers/projects.py: 0
[2014-12-16 15:42:23] EDIT notes/controllers/projects.py: 2
[2014-12-16 15:45:13] EDIT notes/views/projects/view_project.html: 1
[2014-12-16 15:45:21] EDIT notes/views/projects/view_project.html: 0
[2014-12-16 15:45:49] EDIT notes/controllers/projects.py: 2
[2014-12-16 15:45:56] EDIT notes/controllers/projects.py: 0
[2014-12-16 15:50:00] EDIT notes/controllers/projects.py: 0
[2014-12-16 15:54:04] EDIT notes/views/projects/view_project.html: 14
[2014-12-16 15:55:23] EDIT notes/views/projects/view_project.html: 1
[2014-12-16 15:55:29] EDIT notes/views/projects/view_project.html: 1
[2014-12-16 15:55:50] EDIT notes/views/projects/view_project.html: 0
[2014-12-16 15:56:03] EDIT notes/views/projects/view_project.html: 0
[2014-12-16 15:56:17] EDIT notes/views/projects/view_project.html: 0
[2014-12-16 15:58:51] EDIT notes/views/projects/view_project.html: -16
[2014-12-16 15:59:51] EDIT notes/views/projects/view_project.html: 0
[2014-12-16 16:00:08] EDIT notes/controllers/projects.py: 0
[2014-12-16 16:00:32] EDIT notes/controllers/projects.py: 0
[2014-12-16 16:00:33] EDIT notes/controllers/projects.py: 0
[2014-12-16 16:01:10] EDIT notes/controllers/projects.py: 0
[2014-12-17 09:03:56] EDIT notes/controllers/projects.py: -1
[2014-12-17 09:04:11] EDIT notes/controllers/projects.py: 0
[2014-12-17 09:04:15] EDIT notes/controllers/projects.py: 0
[2014-12-17 09:04:18] EDIT notes/controllers/projects.py: 0
[2014-12-17 09:05:35] EDIT notes/controllers/projects.py: 4
[2014-12-17 09:06:03] EDIT notes/controllers/projects.py: 0
[2014-12-17 09:06:15] EDIT notes/controllers/projects.py: -1
[2014-12-17 09:06:40] EDIT notes/controllers/projects.py: 0
[2014-12-17 09:08:45] EDIT notes/controllers/projects.py: 1
[2014-12-17 09:09:33] EDIT notes/views/projects/view_project.html: 2
[2014-12-17 09:09:55] EDIT notes/views/projects/view_project.html: 0
[2014-12-17 09:09:56] EDIT notes/views/projects/view_project.html: 0
[2014-12-17 09:10:27] EDIT notes/controllers/projects.py: 0
[2014-12-17 09:11:18] EDIT notes/controllers/projects.py: 0
[2014-12-17 09:12:14] EDIT notes/controllers/projects.py: 0
[2014-12-17 09:12:21] EDIT notes/views/projects/view_project.html: 0
[2014-12-17 09:12:32] EDIT notes/views/projects/view_project.html: 0
[2014-12-17 09:12:42] EDIT notes/controllers/projects.py: 0
[2014-12-17 09:14:08] EDIT notes/controllers/projects.py: 1
[2014-12-17 09:14:10] EDIT notes/controllers/projects.py: 0
[2014-12-17 09:14:36] EDIT notes/controllers/projects.py: 2
[2014-12-17 09:14:37] EDIT notes/controllers/projects.py: 0
[2014-12-17 09:14:41] EDIT notes/controllers/projects.py: 0
[2014-12-17 09:15:20] EDIT notes/controllers/projects.py: 1
[2014-12-17 09:15:44] EDIT notes/views/projects/view_project.html: 0
[2014-12-17 09:15:51] EDIT notes/views/projects/view_project.html: 1
[2014-12-17 09:16:09] EDIT notes/views/projects/view_project.html: 0
[2014-12-17 09:16:15] EDIT notes/controllers/projects.py: 0
[2014-12-17 09:16:30] EDIT notes/controllers/projects.py: 0
[2014-12-17 09:16:40] EDIT notes/views/projects/view_project.html: 0
[2014-12-17 09:18:51] EDIT notes/controllers/projects.py: 1
[2014-12-17 09:19:03] EDIT notes/controllers/projects.py: 0
[2014-12-17 09:19:04] EDIT notes/controllers/projects.py: 0
[2014-12-17 09:19:39] EDIT notes/controllers/projects.py: 1
[2014-12-17 09:19:50] EDIT notes/views/projects/view_project.html: 1
[2014-12-17 09:27:09] EDIT notes/controllers/projects.py: 1
[2014-12-17 09:27:28] EDIT notes/controllers/projects.py: 1
[2014-12-17 09:27:40] EDIT notes/controllers/projects.py: 0
[2014-12-17 09:31:27] EDIT notes/controllers/projects.py: 0
[2014-12-17 09:31:31] EDIT notes/controllers/projects.py: 0
[2014-12-17 09:31:37] EDIT notes/controllers/projects.py: 0
[2014-12-17 09:36:21] EDIT notes/controllers/projects.py: 0
[2014-12-17 09:36:40] EDIT notes/views/projects/view_project.html: 0
[2014-12-17 09:36:54] EDIT notes/views/projects/view_project.html: 0
[2014-12-17 09:37:00] EDIT notes/controllers/projects.py: 0
[2014-12-17 09:37:14] EDIT notes/controllers/projects.py: 0
[2014-12-17 09:37:19] EDIT notes/views/projects/view_project.html: 0
[2014-12-17 09:37:37] EDIT notes/views/projects/view_project.html: 0
[2014-12-17 09:37:39] EDIT notes/views/projects/view_project.html: 0
[2014-12-17 09:37:48] EDIT notes/controllers/projects.py: 0
[2014-12-17 09:38:10] EDIT notes/controllers/projects.py: 0
[2014-12-17 09:38:14] EDIT notes/views/projects/view_project.html: 0
[2014-12-17 09:45:56] EDIT notes/controllers/projects.py: 1
[2014-12-17 09:46:09] EDIT notes/views/projects/view_project.html: 1
[2014-12-17 09:46:12] EDIT notes/views/projects/view_project.html: 0
[2014-12-17 09:46:18] EDIT notes/controllers/projects.py: 0
[2014-12-17 09:46:29] EDIT notes/views/projects/view_project.html: 0
[2014-12-17 09:46:30] EDIT notes/views/projects/view_project.html: 0
[2014-12-17 09:46:48] EDIT notes/views/projects/view_project.html: 0
[2014-12-17 09:46:54] EDIT notes/controllers/projects.py: 0
[2014-12-17 09:47:59] EDIT notes/controllers/projects.py: 2
[2014-12-17 09:48:17] EDIT notes/models/menu.py: 0
[2014-12-17 09:49:10] EDIT notes/controllers/projects.py: 5
[2014-12-17 09:49:20] EDIT notes/controllers/projects.py: 1
[2014-12-17 09:49:22] EDIT notes/controllers/projects.py: 1
[2014-12-17 09:49:24] EDIT notes/controllers/projects.py: 0
[2014-12-17 09:49:45] CREATE projects/delete_project.html: 0
[2014-12-17 09:49:53] EDIT notes/views/projects/delete_project.html: -1
[2014-12-17 09:50:15] EDIT notes/controllers/projects.py: 1
[2014-12-17 09:50:26] EDIT notes/controllers/projects.py: 0
[2014-12-17 09:50:52] EDIT notes/controllers/projects.py: 0
[2014-12-17 09:51:21] EDIT notes/controllers/projects.py: 0
[2014-12-17 09:51:22] EDIT notes/controllers/projects.py: 0
[2014-12-17 09:51:34] EDIT notes/controllers/projects.py: -3
[2014-12-17 09:51:59] EDIT notes/controllers/projects.py: 0
[2014-12-17 09:52:13] EDIT notes/controllers/projects.py: 0
[2014-12-17 09:53:08] EDIT notes/controllers/projects.py: 2
[2014-12-17 09:53:10] EDIT notes/controllers/projects.py: 0
[2014-12-17 09:55:05] EDIT notes/controllers/projects.py: 0
[2014-12-17 09:55:06] EDIT notes/controllers/projects.py: 0
[2014-12-17 09:58:26] EDIT notes/models/menu.py: 2
[2014-12-17 09:58:56] EDIT notes/models/menu.py: 0
[2014-12-17 09:59:00] EDIT notes/models/menu.py: 0
[2014-12-17 09:59:13] EDIT notes/models/menu.py: 0
[2014-12-17 10:00:14] EDIT notes/models/menu.py: 1
[2014-12-17 10:00:15] EDIT notes/models/menu.py: 0
[2014-12-17 10:00:34] EDIT notes/models/menu.py: 0
[2014-12-17 10:01:25] EDIT notes/models/menu.py: 1
[2014-12-17 10:01:28] EDIT notes/models/menu.py: 0
[2014-12-17 10:05:15] EDIT notes/models/menu.py: 0
[2014-12-17 10:07:36] EDIT notes/views/projects/view_project.html: 0
[2014-12-17 10:09:55] EDIT notes/models/db.py: 1
[2014-12-17 10:10:01] EDIT notes/models/db.py: 1
[2014-12-17 10:10:10] EDIT notes/models/db.py: 0
[2014-12-17 10:10:43] EDIT notes/controllers/default.py: 0
[2014-12-17 10:12:06] EDIT notes/controllers/default.py: 1
[2014-12-17 10:12:34] EDIT notes/controllers/default.py: 1
[2014-12-17 10:20:49] EDIT notes/controllers/projects.py: 0
[2014-12-17 10:21:33] EDIT notes/controllers/projects.py: 1
[2014-12-17 10:21:56] EDIT notes/controllers/projects.py: 0
[2014-12-17 10:22:51] EDIT notes/views/projects/view_project.html: 1
[2014-12-17 10:24:07] EDIT notes/views/projects/view_project.html: 0
[2014-12-17 10:24:23] EDIT notes/controllers/projects.py: 0
[2014-12-17 10:24:38] EDIT notes/controllers/projects.py: 0
[2014-12-17 10:24:43] EDIT notes/views/projects/view_project.html: 0
[2014-12-17 10:24:50] EDIT notes/views/projects/view_project.html: 0
[2014-12-17 10:24:52] EDIT notes/views/projects/view_project.html: 0
[2014-12-17 10:25:04] EDIT notes/controllers/projects.py: 0
[2014-12-17 10:25:13] EDIT notes/controllers/projects.py: 0
[2014-12-17 10:25:17] EDIT notes/views/projects/view_project.html: 0
[2014-12-17 10:25:29] EDIT notes/views/projects/view_project.html: 0
[2014-12-17 10:25:36] EDIT notes/controllers/projects.py: 0
[2014-12-17 10:25:38] EDIT notes/controllers/projects.py: 0
[2014-12-17 10:25:47] EDIT notes/controllers/projects.py: 0
[2014-12-17 10:25:50] EDIT notes/views/projects/view_project.html: 0
[2014-12-17 10:26:05] EDIT notes/views/projects/view_project.html: 0
[2014-12-17 10:26:10] EDIT notes/controllers/projects.py: 0
[2014-12-17 10:36:21] EDIT notes/controllers/projects.py: 0
[2014-12-17 10:36:26] EDIT notes/views/projects/view_project.html: 0
[2014-12-17 10:37:27] EDIT notes/views/projects/view_project.html: 0
[2014-12-17 10:37:30] EDIT notes/views/projects/view_project.html: 0
[2014-12-17 10:37:41] EDIT notes/controllers/projects.py: 0
[2014-12-17 10:37:44] EDIT notes/controllers/projects.py: 0
[2014-12-17 10:37:48] EDIT notes/controllers/projects.py: 0
[2014-12-17 10:37:52] EDIT notes/controllers/projects.py: 0
[2014-12-17 10:37:53] EDIT notes/controllers/projects.py: 0
[2014-12-17 10:37:55] EDIT notes/controllers/projects.py: 0
[2014-12-17 10:38:00] EDIT notes/controllers/projects.py: 0
[2014-12-17 10:38:03] EDIT notes/controllers/projects.py: 0
[2014-12-17 10:38:06] EDIT notes/controllers/projects.py: 0
[2014-12-17 10:38:08] EDIT notes/controllers/projects.py: 0
