[2016-11-24 15:13:18] START
[2016-11-24 15:13:37] EDIT mycode/models/db.py: 6
[2016-11-24 15:13:53] EDIT mycode/controllers/default.py: 12
[2016-11-24 15:14:09] CREATE default/lists.html: 0
[2016-11-24 15:14:12] EDIT mycode/views/default/lists.html: 6
[2016-11-24 15:14:18] EDIT mycode/views/default/lists.html: 1
[2016-11-24 15:15:42] EDIT mycode/models/db.py: 0
[2016-11-24 15:16:04] EDIT mycode/views/default/lists.html: -1
[2016-11-24 15:16:41] EDIT mycode/controllers/default.py: 0
[2016-11-24 15:17:20] EDIT mycode/models/menu.py: 0
[2016-11-24 15:20:33] EDIT mycode/controllers/default.py: -1
[2016-11-24 15:20:40] EDIT mycode/controllers/default.py: 0
[2016-11-24 15:20:42] EDIT mycode/controllers/default.py: 0
[2016-11-24 15:21:14] EDIT mycode/controllers/default.py: 1
[2016-11-24 15:21:53] EDIT mycode/controllers/default.py: 0
[2016-11-24 15:22:07] EDIT mycode/views/default/lists.html: 0
[2016-11-24 15:22:14] EDIT mycode/views/default/lists.html: 0
[2016-11-24 15:22:33] EDIT mycode/controllers/default.py: 1
[2016-11-24 15:22:35] EDIT mycode/controllers/default.py: 0
[2016-11-24 15:23:25] EDIT mycode/controllers/default.py: -1
[2016-11-24 15:24:09] EDIT mycode/views/default/lists.html: 0
[2016-11-24 15:24:33] EDIT mycode/controllers/default.py: 0
[2016-11-24 15:24:35] EDIT mycode/controllers/default.py: 0
[2016-11-24 15:24:37] EDIT mycode/views/default/lists.html: 0
[2016-11-24 15:27:12] EDIT mycode/models/db.py: 4
[2016-11-24 15:27:17] EDIT mycode/models/db.py: 0
[2016-11-24 15:27:23] EDIT mycode/models/db.py: 0
[2016-11-24 15:28:26] EDIT mycode/views/default/lists.html: 0
[2016-11-24 15:28:27] EDIT mycode/controllers/default.py: 2
[2016-11-24 15:28:33] EDIT mycode/models/db.py: 0
[2016-11-24 15:29:06] EDIT mycode/controllers/default.py: 1
[2016-11-24 15:30:31] CREATE default/addname.html: 0
[2016-11-24 15:30:39] EDIT mycode/views/default/addname.html: -1
[2016-11-24 15:31:47] EDIT mycode/controllers/default.py: 3
[2016-11-24 15:31:50] EDIT mycode/controllers/default.py: 0
[2016-11-24 15:33:21] EDIT mycode/controllers/default.py: 4
[2016-11-24 15:35:16] EDIT mycode/controllers/default.py: 1
[2016-11-24 15:39:01] EDIT mycode/views/default/lists.html: 17
[2016-11-24 15:40:49] EDIT mycode/controllers/default.py: 0
[2016-11-24 15:40:55] EDIT mycode/controllers/default.py: 0
[2016-11-24 15:41:11] EDIT mycode/controllers/default.py: 0
[2016-11-24 15:41:28] EDIT mycode/controllers/default.py: 0
[2016-11-24 15:41:44] EDIT mycode/controllers/default.py: 0
[2016-11-24 15:43:00] EDIT mycode/controllers/default.py: 1
[2016-11-24 15:43:05] EDIT mycode/controllers/default.py: 0
[2016-11-24 15:43:21] EDIT mycode/controllers/default.py: 0
[2016-11-24 15:43:44] EDIT mycode/controllers/default.py: 0
[2016-11-24 15:45:07] EDIT mycode/views/default/lists.html: 0
[2016-11-24 15:45:14] EDIT mycode/views/default/lists.html: -1
[2016-11-24 15:47:13] EDIT mycode/views/default/lists.html: 0
[2016-11-24 15:47:32] EDIT mycode/views/default/lists.html: 0
[2016-11-24 15:47:44] EDIT mycode/views/default/lists.html: 0
[2016-11-24 15:47:58] EDIT mycode/views/default/lists.html: 0
[2016-11-24 15:48:19] EDIT mycode/controllers/default.py: 0
[2016-11-24 15:48:24] EDIT mycode/views/default/lists.html: 0
[2016-11-24 15:50:00] EDIT mycode/controllers/default.py: 1
[2016-11-24 15:50:24] EDIT mycode/views/default/lists.html: 0
[2016-11-24 15:52:31] EDIT mycode/controllers/default.py: 4
[2016-11-24 15:53:58] EDIT mycode/controllers/default.py: 0
[2016-11-24 15:54:01] EDIT mycode/controllers/default.py: 0
[2016-11-24 15:54:51] EDIT mycode/controllers/default.py: 0
[2016-11-24 16:12:44] EDIT mycode/views/default/lists.html: 0
[2016-11-24 16:25:52] EDIT mycode/models/db.py: 1
[2016-11-24 16:26:24] EDIT mycode/models/db.py: 0
[2016-11-24 16:28:21] EDIT mycode/controllers/default.py: 2
[2016-11-24 16:28:22] EDIT mycode/controllers/default.py: 0
[2016-11-24 16:28:52] EDIT mycode/controllers/default.py: 0
[2016-11-24 16:30:00] EDIT mycode/controllers/default.py: 1
[2016-11-24 16:32:18] EDIT mycode/controllers/default.py: 0
[2016-11-24 16:32:41] CREATE default/names.html: 0
[2016-11-24 16:33:18] EDIT mycode/views/default/names.html: -1
[2016-11-24 16:35:57] EDIT mycode/controllers/default.py: 6
[2016-11-24 16:36:16] EDIT mycode/controllers/default.py: 0
[2016-11-24 16:36:28] EDIT mycode/controllers/default.py: 0
[2016-11-24 16:37:30] EDIT mycode/views/default/names.html: 23
[2016-11-24 16:37:52] EDIT mycode/views/default/names.html: 0
[2016-11-24 16:38:15] EDIT mycode/controllers/default.py: 0
[2016-11-24 16:38:39] EDIT mycode/views/default/names.html: 2
[2016-11-24 16:38:57] EDIT mycode/views/default/names.html: -6
[2016-11-24 16:39:41] EDIT mycode/controllers/default.py: 0
