[2017-01-10 13:55:48] START
[2017-01-10 13:59:34] EDIT mobdebug/models/db.py: 8
[2017-01-10 14:00:34] EDIT mobdebug/models/db.py: 0
[2017-01-10 14:01:14] EDIT mobdebug/models/db.py: 0
[2017-01-10 14:02:25] EDIT mobdebug/models/db.py: 5
[2017-01-10 14:04:28] EDIT mobdebug/models/db.py: 0
[2017-01-10 14:06:14] EDIT mobdebug/models/db.py: 1
[2017-01-10 14:06:18] EDIT mobdebug/models/db.py: 0
[2017-01-10 14:06:31] EDIT mobdebug/models/db.py: 1
[2017-01-10 14:08:01] EDIT mobdebug/models/db.py: 0
[2017-01-10 14:08:33] CREATE default/tokens.html: 0
[2017-01-10 14:08:48] EDIT mobdebug/views/default/tokens.html: -2
[2017-01-10 14:11:27] EDIT mobdebug/controllers/default.py: 3
[2017-01-10 14:11:43] EDIT mobdebug/models/menu.py: 0
[2017-01-10 14:12:03] EDIT mobdebug/views/default/tokens.html: 3
[2017-01-10 14:12:13] EDIT mobdebug/views/default/tokens.html: 0
[2017-01-10 14:12:15] EDIT mobdebug/views/default/tokens.html: 0
[2017-01-10 14:12:23] EDIT mobdebug/views/default/tokens.html: 0
[2017-01-10 14:12:52] EDIT mobdebug/views/default/tokens.html: 0
[2017-01-10 14:13:29] EDIT mobdebug/views/default/tokens.html: 67
[2017-01-10 14:14:02] EDIT mobdebug/views/default/tokens.html: -62
[2017-01-10 14:15:35] EDIT mobdebug/views/default/tokens.html: 1
[2017-01-10 14:17:24] EDIT mobdebug/views/default/tokens.html: 7
[2017-01-10 14:17:28] EDIT mobdebug/views/default/tokens.html: 0
[2017-01-10 14:17:59] EDIT mobdebug/views/default/tokens.html: 0
[2017-01-10 14:18:24] EDIT mobdebug/views/default/tokens.html: 0
[2017-01-10 14:18:57] EDIT mobdebug/views/default/tokens.html: 1
[2017-01-10 14:19:28] EDIT mobdebug/views/default/tokens.html: 0
[2017-01-10 14:20:41] EDIT mobdebug/views/default/tokens.html: 5
[2017-01-10 14:20:43] EDIT mobdebug/views/default/tokens.html: 0
[2017-01-10 14:21:35] EDIT mobdebug/views/default/tokens.html: 1
[2017-01-10 14:21:53] EDIT mobdebug/views/default/tokens.html: 0
[2017-01-10 14:23:38] EDIT mobdebug/views/default/tokens.html: 1
[2017-01-10 14:24:05] EDIT mobdebug/views/default/tokens.html: 0
[2017-01-10 14:24:56] EDIT mobdebug/views/default/tokens.html: 0
[2017-01-10 14:27:24] EDIT mobdebug/controllers/default.py: 2
[2017-01-10 14:27:45] EDIT mobdebug/views/default/tokens.html: 2
[2017-01-10 14:28:17] EDIT mobdebug/controllers/default.py: 0
[2017-01-10 14:30:00] EDIT mobdebug/controllers/default.py: 0
[2017-01-10 14:30:43] EDIT mobdebug/controllers/default.py: 0
[2017-01-10 14:32:28] EDIT mobdebug/controllers/default.py: 0
[2017-01-10 14:32:47] EDIT mobdebug/controllers/default.py: 1
[2017-01-10 14:33:15] EDIT mobdebug/views/default/tokens.html: 0
[2017-01-10 14:34:33] EDIT mobdebug/views/default/tokens.html: 0
[2017-01-10 14:37:11] EDIT mobdebug/views/default/tokens.html: -25
[2017-01-10 14:37:29] EDIT mobdebug/controllers/default.py: 1
[2017-01-10 14:37:52] EDIT mobdebug/controllers/default.py: 0
[2017-01-10 14:37:59] EDIT mobdebug/controllers/default.py: 0
[2017-01-10 14:38:38] EDIT mobdebug/controllers/default.py: -1
[2017-01-10 14:38:48] CREATE default/projects.html: 0
[2017-01-10 14:38:52] EDIT mobdebug/views/default/projects.html: -1
[2017-01-10 14:40:17] EDIT mobdebug/models/db.py: 0
[2017-01-10 14:40:38] EDIT mobdebug/models/db.py: -1
[2017-01-10 14:40:40] EDIT mobdebug/models/db.py: 0
[2017-01-10 14:41:53] EDIT mobdebug/models/db.py: 1
[2017-01-10 14:42:05] EDIT mobdebug/models/db.py: 0
[2017-01-10 14:42:10] EDIT mobdebug/models/db.py: 0
[2017-01-10 14:42:40] EDIT mobdebug/models/db.py: 0
[2017-01-10 14:42:41] EDIT mobdebug/models/db.py: 0
[2017-01-10 14:43:00] EDIT mobdebug/models/db.py: -1
[2017-01-10 14:43:46] EDIT mobdebug/models/db.py: 0
[2017-01-10 14:43:52] EDIT mobdebug/models/db.py: 0
[2017-01-10 14:44:51] EDIT mobdebug/controllers/default.py: 0
[2017-01-10 14:44:59] EDIT mobdebug/controllers/default.py: 0
[2017-01-10 14:45:51] EDIT mobdebug/models/menu.py: 1
[2017-01-10 14:46:29] EDIT mobdebug/models/menu.py: 0
[2017-01-10 14:46:45] EDIT mobdebug/models/menu.py: 0
[2017-01-10 14:46:47] EDIT mobdebug/models/menu.py: 0
[2017-01-10 14:46:50] EDIT mobdebug/models/menu.py: 0
[2017-01-10 14:47:55] EDIT mobdebug/models/menu.py: 2
[2017-01-10 14:48:12] EDIT mobdebug/models/menu.py: 0
[2017-01-10 14:48:26] EDIT mobdebug/models/menu.py: 1
[2017-01-10 14:48:30] EDIT mobdebug/models/menu.py: 0
[2017-01-10 14:48:54] EDIT mobdebug/models/menu.py: 0
[2017-01-10 14:49:12] EDIT mobdebug/models/menu.py: 0
[2017-01-10 14:49:58] EDIT mobdebug/models/db.py: 1
[2017-01-10 14:52:21] EDIT mobdebug/models/db.py: 7
[2017-01-10 14:52:23] EDIT mobdebug/models/db.py: 0
[2017-01-10 14:53:02] EDIT mobdebug/models/db.py: 1
[2017-01-10 14:54:15] CREATE default/mlogs.html: 0
[2017-01-10 14:54:25] EDIT mobdebug/views/default/mlogs.html: -1
[2017-01-10 14:54:43] EDIT mobdebug/controllers/default.py: 3
[2017-01-10 14:55:25] EDIT mobdebug/models/menu.py: 1
[2017-01-10 14:55:39] EDIT mobdebug/models/db.py: 0
[2017-01-10 14:56:21] EDIT mobdebug/models/db.py: 1
[2017-01-10 14:57:50] EDIT mobdebug/controllers/default.py: 2
[2017-01-10 14:58:21] EDIT mobdebug/controllers/default.py: 1
[2017-01-10 15:00:26] EDIT mobdebug/controllers/default.py: 0
[2017-01-10 15:01:21] EDIT mobdebug/controllers/default.py: 1
[2017-01-10 15:01:40] EDIT mobdebug/controllers/default.py: 0
[2017-01-10 15:01:41] EDIT mobdebug/controllers/default.py: 0
[2017-01-10 15:01:47] EDIT mobdebug/controllers/default.py: -1
[2017-01-10 15:01:59] EDIT mobdebug/controllers/default.py: 0
[2017-01-10 15:02:27] EDIT mobdebug/controllers/default.py: 1
[2017-01-10 15:02:44] EDIT mobdebug/controllers/default.py: 0
[2017-01-10 15:03:04] EDIT mobdebug/controllers/default.py: 1
[2017-01-10 15:05:54] EDIT mobdebug/controllers/default.py: 1
[2017-01-10 15:08:02] EDIT mobdebug/controllers/default.py: 2
[2017-01-10 15:10:31] EDIT mobdebug/controllers/default.py: 2
[2017-01-10 15:11:39] EDIT mobdebug/controllers/default.py: 0
[2017-01-10 15:12:00] EDIT mobdebug/controllers/default.py: 0
[2017-01-10 15:13:05] EDIT mobdebug/controllers/default.py: 0
[2017-01-10 15:13:43] EDIT mobdebug/controllers/default.py: 0
[2017-01-10 15:14:24] EDIT mobdebug/controllers/default.py: 0
[2017-01-10 15:15:11] EDIT mobdebug/controllers/default.py: 0
[2017-01-10 15:15:57] EDIT mobdebug/models/db.py: 1
[2017-01-10 15:17:19] EDIT mobdebug/models/db.py: 1
[2017-01-10 15:17:31] EDIT mobdebug/models/db.py: 0
[2017-01-10 15:18:17] EDIT mobdebug/models/menu.py: 0
[2017-01-10 15:18:59] EDIT mobdebug/controllers/default.py: 0
[2017-01-10 15:19:03] EDIT mobdebug/controllers/default.py: 0
[2017-01-10 15:20:14] EDIT mobdebug/controllers/default.py: -3
[2017-01-10 15:20:32] EDIT mobdebug/models/db.py: 1
[2017-01-10 15:22:02] EDIT mobdebug/models/db.py: 1
[2017-01-10 15:22:31] EDIT mobdebug/models/db.py: 0
[2017-01-10 15:22:51] EDIT mobdebug/models/db.py: 0
[2017-01-10 15:24:25] EDIT mobdebug/models/db.py: 0
[2017-01-10 15:24:27] EDIT mobdebug/models/db.py: 0
[2017-01-10 15:26:27] EDIT mobdebug/controllers/default.py: -1
[2017-01-10 15:28:30] EDIT mobdebug/controllers/default.py: 2
[2017-01-10 15:29:39] EDIT mobdebug/controllers/default.py: 1
[2017-01-10 15:34:14] EDIT mobdebug/controllers/default.py: 0
[2017-01-11 10:00:19] EDIT mobdebug/controllers/default.py: 0
[2017-01-11 10:03:36] CREATE mobcore.py: 0
[2017-01-11 10:04:32] EDIT mobdebug/modules/mobcore.py: 6
[2017-01-11 10:05:16] EDIT mobdebug/controllers/default.py: 3
[2017-01-11 10:05:26] EDIT mobdebug/controllers/default.py: 1
[2017-01-11 10:05:50] EDIT mobdebug/controllers/default.py: 0
[2017-01-11 10:06:57] EDIT mobdebug/controllers/default.py: 1
[2017-01-11 10:08:08] EDIT mobdebug/modules/mobcore.py: 1
[2017-01-11 10:08:22] EDIT mobdebug/modules/mobcore.py: 0
[2017-01-11 10:08:29] EDIT mobdebug/modules/mobcore.py: -1
[2017-01-11 10:08:51] EDIT mobdebug/modules/mobcore.py: -6
[2017-01-11 10:08:59] EDIT mobdebug/models/db.py: 6
[2017-01-11 10:09:07] EDIT mobdebug/controllers/default.py: -1
[2017-01-11 10:10:16] EDIT mobdebug/models/db.py: 0
[2017-01-11 10:10:50] EDIT mobdebug/models/db.py: 0
[2017-01-11 10:13:22] EDIT mobdebug/models/db.py: 9
[2017-01-11 10:16:46] EDIT mobdebug/models/db.py: 4
[2017-01-11 10:16:54] EDIT mobdebug/models/db.py: 0
[2017-01-11 10:18:17] EDIT mobdebug/models/db.py: 0
[2017-01-11 10:18:46] EDIT mobdebug/controllers/default.py: 0
[2017-01-11 10:19:53] EDIT mobdebug/models/db.py: 1
[2017-01-11 10:20:39] EDIT mobdebug/models/db.py: 0
[2017-01-11 10:21:17] EDIT mobdebug/models/db.py: 0
[2017-01-11 10:22:53] EDIT mobdebug/controllers/default.py: -2
[2017-01-11 10:23:20] EDIT mobdebug/controllers/default.py: 3
[2017-01-11 10:24:21] EDIT mobdebug/controllers/default.py: -4
[2017-01-11 10:24:23] EDIT mobdebug/controllers/default.py: 0
[2017-01-11 10:26:30] EDIT mobdebug/models/db.py: 0
[2017-01-11 10:34:03] EDIT mobdebug/models/db.py: 0
[2017-01-11 10:34:05] EDIT mobdebug/models/db.py: 0
[2017-01-11 10:38:04] EDIT mobdebug/controllers/default.py: 0
[2017-01-11 10:38:20] EDIT mobdebug/models/db.py: 0
[2017-01-11 10:38:50] EDIT mobdebug/models/db.py: 0
[2017-01-11 10:41:29] EDIT mobdebug/models/db.py: 0
[2017-01-11 10:42:15] EDIT mobdebug/models/db.py: 0
[2017-01-11 10:43:39] EDIT mobdebug/models/db.py: 5
[2017-01-11 10:43:46] EDIT mobdebug/models/db.py: 0
[2017-01-11 10:44:38] EDIT mobdebug/models/db.py: 0
[2017-01-11 10:44:58] EDIT mobdebug/models/db.py: 0
