[2016-04-04 11:44:47] START
[2016-04-04 12:18:25] EDIT FuelManager/private/appconfig.ini: 0
[2016-04-04 12:55:37] CREATE fuel.py: 0
[2016-04-04 12:58:23] EDIT FuelManager/models/fuel.py: 4
[2016-04-04 13:01:30] EDIT FuelManager/models/fuel.py: 0
[2016-04-04 13:02:19] EDIT FuelManager/models/fuel.py: 1
[2016-04-04 13:02:46] EDIT FuelManager/models/fuel.py: 0
[2016-04-04 13:03:29] EDIT FuelManager/models/fuel.py: 0
[2016-04-04 13:03:49] EDIT FuelManager/models/fuel.py: 0
[2016-04-04 13:06:46] EDIT FuelManager/controllers/default.py: 3
[2016-04-04 13:07:37] EDIT FuelManager/controllers/default.py: 0
[2016-04-04 13:07:39] EDIT FuelManager/controllers/default.py: 0
[2016-04-04 13:10:50] EDIT FuelManager/models/fuel.py: 2
[2016-04-04 13:11:12] EDIT FuelManager/models/fuel.py: 1
[2016-04-04 13:11:20] EDIT FuelManager/models/fuel.py: 0
[2016-04-04 13:13:44] EDIT FuelManager/models/fuel.py: 4
[2016-04-04 13:14:01] EDIT FuelManager/models/fuel.py: 0
[2016-04-04 13:14:26] EDIT FuelManager/models/fuel.py: 0
[2016-04-04 13:14:28] EDIT FuelManager/models/fuel.py: 0
[2016-04-04 13:14:46] EDIT FuelManager/models/fuel.py: 0
[2016-04-04 13:15:29] EDIT FuelManager/models/fuel.py: 0
[2016-04-04 13:17:26] EDIT FuelManager/models/fuel.py: 1
[2016-04-04 13:17:31] EDIT FuelManager/models/fuel.py: 0
[2016-04-04 13:20:51] EDIT FuelManager/controllers/default.py: 0
[2016-04-04 13:21:05] EDIT FuelManager/controllers/default.py: 0
[2016-04-04 13:23:30] EDIT FuelManager/controllers/default.py: 2
[2016-04-04 13:23:33] EDIT FuelManager/controllers/default.py: 0
[2016-04-04 13:24:38] CREATE default/log.html: 0
[2016-04-04 13:24:49] EDIT FuelManager/views/default/log.html: -1
[2016-04-04 13:27:16] EDIT FuelManager/controllers/default.py: 0
[2016-04-04 13:30:29] EDIT FuelManager/controllers/default.py: 0
[2016-04-04 13:30:33] EDIT FuelManager/controllers/default.py: 0
[2016-04-04 13:30:53] EDIT FuelManager/controllers/default.py: 0
[2016-04-04 13:30:55] EDIT FuelManager/controllers/default.py: 0
[2016-04-04 13:33:02] EDIT FuelManager/controllers/default.py: 0
[2016-04-04 13:35:11] EDIT FuelManager/controllers/default.py: 1
[2016-04-04 13:36:02] EDIT FuelManager/controllers/default.py: 0
[2016-04-04 13:36:54] EDIT FuelManager/controllers/default.py: 0
[2016-04-04 13:36:57] EDIT FuelManager/controllers/default.py: 0
[2016-04-04 13:37:01] EDIT FuelManager/controllers/default.py: 0
[2016-04-04 13:38:40] EDIT FuelManager/controllers/default.py: 0
[2016-04-04 13:38:42] EDIT FuelManager/controllers/default.py: 0
[2016-04-04 13:39:36] EDIT FuelManager/models/menu.py: 0
[2016-04-04 13:46:03] EDIT FuelManager/controllers/default.py: 0
[2016-04-04 13:46:37] EDIT FuelManager/controllers/default.py: 1
[2016-04-04 13:50:57] EDIT FuelManager/controllers/default.py: 0
[2016-04-04 13:53:29] EDIT FuelManager/controllers/default.py: 0
[2016-04-04 13:55:55] EDIT FuelManager/controllers/default.py: 2
[2016-04-04 13:55:58] EDIT FuelManager/controllers/default.py: 0
[2016-04-04 13:56:42] EDIT FuelManager/controllers/default.py: 0
[2016-04-04 13:56:43] EDIT FuelManager/controllers/default.py: 0
[2016-04-04 13:57:29] EDIT FuelManager/controllers/default.py: 0
[2016-04-04 14:00:43] EDIT FuelManager/controllers/default.py: 0
[2016-04-04 14:01:44] EDIT FuelManager/controllers/default.py: 0
[2016-04-04 14:06:58] EDIT FuelManager/models/fuel.py: 0
[2016-04-04 14:07:01] EDIT FuelManager/models/fuel.py: 0
[2016-04-04 14:07:14] EDIT FuelManager/models/fuel.py: 0
[2016-04-04 14:07:43] EDIT FuelManager/models/fuel.py: 0
[2016-04-04 14:08:00] EDIT FuelManager/models/fuel.py: 0
[2016-04-04 14:10:02] EDIT FuelManager/models/fuel.py: 0
[2016-04-04 14:11:58] EDIT FuelManager/models/fuel.py: 0
[2016-04-04 14:12:02] EDIT FuelManager/models/fuel.py: 0
[2016-04-04 14:12:04] EDIT FuelManager/models/fuel.py: 0
[2016-04-04 14:12:23] EDIT FuelManager/models/fuel.py: 0
[2016-04-04 14:12:28] EDIT FuelManager/models/fuel.py: 0
[2016-04-04 14:14:15] EDIT FuelManager/models/fuel.py: 1
[2016-04-04 14:15:13] EDIT FuelManager/models/fuel.py: 0
[2016-04-04 14:15:37] EDIT FuelManager/models/fuel.py: 0
[2016-04-04 14:15:52] EDIT FuelManager/models/fuel.py: 0
[2016-04-04 14:17:42] EDIT FuelManager/controllers/default.py: 2
[2016-04-04 14:18:06] CREATE default/vehicles.html: 0
[2016-04-04 14:18:08] EDIT FuelManager/views/default/vehicles.html: -1
[2016-04-04 14:18:28] EDIT FuelManager/controllers/default.py: 0
[2016-04-04 14:19:19] EDIT FuelManager/models/menu.py: 0
[2016-04-04 14:20:06] EDIT FuelManager/models/menu.py: 1
[2016-04-04 14:20:21] EDIT FuelManager/models/menu.py: 1
[2016-04-04 14:21:47] EDIT FuelManager/controllers/default.py: 0
[2016-04-04 14:21:58] EDIT FuelManager/controllers/default.py: 0
[2016-04-04 14:24:28] EDIT FuelManager/controllers/default.py: 1
[2016-04-04 14:25:31] EDIT FuelManager/controllers/default.py: 0
[2016-04-04 14:26:13] EDIT FuelManager/controllers/default.py: 0
[2016-04-04 14:26:44] EDIT FuelManager/controllers/default.py: 0
[2016-04-04 14:27:57] EDIT FuelManager/controllers/default.py: 0
[2016-04-04 14:28:25] EDIT FuelManager/controllers/default.py: 0
[2016-04-04 14:28:26] EDIT FuelManager/controllers/default.py: 0
[2016-04-04 14:29:29] EDIT FuelManager/controllers/default.py: 0
[2016-04-04 14:30:42] EDIT FuelManager/controllers/default.py: 0
[2016-04-04 14:31:42] EDIT FuelManager/controllers/default.py: 0
[2016-04-04 14:31:44] EDIT FuelManager/controllers/default.py: 0
[2016-04-04 14:32:03] EDIT FuelManager/controllers/default.py: 0
[2016-04-04 14:35:40] EDIT FuelManager/controllers/default.py: 0
[2016-04-04 14:36:14] EDIT FuelManager/controllers/default.py: 0
[2016-04-04 14:37:06] EDIT FuelManager/controllers/default.py: 0
[2016-04-04 14:39:04] EDIT FuelManager/controllers/default.py: 3
[2016-04-04 14:39:40] EDIT FuelManager/controllers/default.py: 0
[2016-04-04 14:40:10] EDIT FuelManager/controllers/default.py: -3
[2016-04-04 14:40:56] EDIT FuelManager/models/fuel.py: 1
[2016-04-04 14:41:16] EDIT FuelManager/controllers/default.py: 1
[2016-04-04 14:41:24] EDIT FuelManager/models/fuel.py: 0
[2016-04-04 14:42:05] EDIT FuelManager/controllers/default.py: 1
[2016-04-04 14:42:37] EDIT FuelManager/controllers/default.py: 0
[2016-04-04 14:44:47] EDIT FuelManager/controllers/default.py: 1
[2016-04-04 14:45:25] EDIT FuelManager/controllers/default.py: 0
[2016-04-04 14:45:36] EDIT FuelManager/controllers/default.py: 0
[2016-04-04 14:45:41] EDIT FuelManager/controllers/default.py: 0
[2016-04-04 15:07:59] EDIT FuelManager/controllers/default.py: 2
[2016-04-04 15:11:17] EDIT FuelManager/controllers/default.py: 0
[2016-04-04 15:11:58] EDIT FuelManager/controllers/default.py: 1
[2016-04-04 15:14:36] EDIT FuelManager/controllers/default.py: 2
[2016-04-04 15:14:38] EDIT FuelManager/controllers/default.py: 0
[2016-04-04 15:15:20] EDIT FuelManager/controllers/default.py: 0
[2016-04-04 15:16:38] EDIT FuelManager/controllers/default.py: 0
[2016-04-04 15:19:45] EDIT FuelManager/controllers/default.py: 0
[2016-04-04 15:20:28] EDIT FuelManager/controllers/default.py: 0
[2016-04-04 15:20:34] EDIT FuelManager/controllers/default.py: 0
[2016-04-04 15:20:59] EDIT FuelManager/controllers/default.py: -1
[2016-04-04 15:21:59] EDIT FuelManager/controllers/default.py: 0
[2016-04-04 15:22:59] EDIT FuelManager/models/fuel.py: 0
[2016-04-04 15:23:03] EDIT FuelManager/models/fuel.py: 0
[2016-04-04 15:27:01] EDIT FuelManager/controllers/default.py: 2
[2016-04-04 15:27:04] EDIT FuelManager/controllers/default.py: 0
[2016-04-04 15:28:44] EDIT FuelManager/controllers/default.py: 2
[2016-04-04 15:28:52] EDIT FuelManager/controllers/default.py: 0
[2016-04-04 15:32:37] EDIT FuelManager/controllers/default.py: 0
[2016-04-04 15:33:04] EDIT FuelManager/controllers/default.py: 0
[2016-04-04 15:35:20] EDIT FuelManager/controllers/default.py: -2
[2016-04-04 15:35:24] EDIT FuelManager/controllers/default.py: -1
[2016-04-04 15:35:31] EDIT FuelManager/controllers/default.py: 0
[2016-04-04 15:36:43] EDIT FuelManager/controllers/default.py: 0
[2016-04-04 15:37:22] EDIT FuelManager/models/menu.py: 0
[2016-04-04 15:37:32] EDIT FuelManager/models/menu.py: 0
[2016-04-04 15:38:50] EDIT FuelManager/models/db.py: 1
[2016-04-04 15:39:04] EDIT FuelManager/models/db.py: 0
[2016-04-04 15:39:15] EDIT FuelManager/models/db.py: 0
[2016-04-04 15:40:00] EDIT FuelManager/controllers/default.py: 3
[2016-04-04 15:40:17] EDIT FuelManager/models/db.py: 0
[2016-04-04 15:41:04] EDIT FuelManager/models/db.py: 0
[2016-04-04 15:46:31] EDIT FuelManager/controllers/default.py: 1
[2016-04-04 15:46:36] EDIT FuelManager/controllers/default.py: 0
[2016-04-04 15:46:51] EDIT FuelManager/controllers/default.py: 0
[2016-04-04 15:47:19] EDIT FuelManager/controllers/default.py: 0
[2016-04-04 15:47:35] EDIT FuelManager/controllers/default.py: 0
[2016-04-04 15:48:01] EDIT FuelManager/controllers/default.py: 0
[2016-04-05 03:41:36] EDIT FuelManager/models/fuel.py: 0
[2016-04-05 03:42:07] EDIT FuelManager/controllers/default.py: 0
[2016-04-05 03:45:44] EDIT FuelManager/controllers/default.py: 1
[2016-04-05 04:03:21] EDIT FuelManager/models/fuel.py: 5
[2016-04-05 04:03:24] EDIT FuelManager/models/fuel.py: 0
[2016-04-05 04:03:58] EDIT FuelManager/models/fuel.py: -1
[2016-04-05 04:11:15] EDIT FuelManager/models/fuel.py: 1
[2016-04-05 04:12:22] EDIT FuelManager/controllers/default.py: 5
[2016-04-05 04:12:42] CREATE default/services.html: 0
[2016-04-05 04:12:45] EDIT FuelManager/views/default/services.html: -1
[2016-04-05 04:13:19] EDIT FuelManager/models/menu.py: 1
[2016-04-05 04:14:33] EDIT FuelManager/controllers/default.py: 1
[2016-04-05 04:14:54] EDIT FuelManager/controllers/default.py: 0
[2016-04-05 04:16:26] EDIT FuelManager/models/fuel.py: 0
[2016-04-05 04:16:31] EDIT FuelManager/models/fuel.py: 0
[2016-04-05 04:16:55] EDIT FuelManager/models/fuel.py: 0
[2016-04-05 04:17:16] EDIT FuelManager/models/fuel.py: 0
[2016-04-05 04:17:51] EDIT FuelManager/models/fuel.py: 0
[2016-04-05 04:18:09] EDIT FuelManager/models/fuel.py: 0
[2016-04-05 04:20:11] EDIT FuelManager/models/fuel.py: 1
[2016-04-05 04:20:19] EDIT FuelManager/models/fuel.py: 0
[2016-04-05 04:20:38] EDIT FuelManager/models/fuel.py: 0
[2016-04-05 04:23:34] EDIT FuelManager/models/fuel.py: 0
[2016-04-05 04:24:19] EDIT FuelManager/models/fuel.py: 0
[2016-04-05 04:25:27] EDIT FuelManager/models/fuel.py: 0
[2016-04-05 04:26:03] EDIT FuelManager/models/fuel.py: 0
[2016-04-05 04:26:12] EDIT FuelManager/models/fuel.py: 0
[2016-04-05 04:33:06] EDIT FuelManager/models/fuel.py: 1
[2016-04-05 04:33:29] EDIT FuelManager/models/fuel.py: 0
[2016-04-05 04:34:24] EDIT FuelManager/models/fuel.py: 0
[2016-04-05 04:34:25] EDIT FuelManager/models/fuel.py: 0
[2016-04-05 04:34:28] EDIT FuelManager/models/fuel.py: 0
[2016-04-05 04:37:22] EDIT FuelManager/controllers/default.py: 0
[2016-04-05 04:37:25] EDIT FuelManager/controllers/default.py: 0
[2016-04-05 04:38:11] EDIT FuelManager/controllers/default.py: 0
[2016-04-05 04:47:43] EDIT FuelManager/controllers/default.py: 0
[2016-04-05 04:48:08] EDIT FuelManager/controllers/default.py: 0
[2016-04-05 04:51:42] EDIT FuelManager/models/menu.py: 1
[2016-04-05 04:52:03] EDIT FuelManager/controllers/default.py: 2
[2016-04-05 04:52:18] EDIT FuelManager/controllers/default.py: 1
[2016-04-05 04:52:23] EDIT FuelManager/controllers/default.py: 0
[2016-04-05 04:52:32] CREATE default/reports.html: 0
[2016-04-05 04:52:45] EDIT FuelManager/views/default/reports.html: -1
[2016-04-05 04:52:47] EDIT FuelManager/views/default/reports.html: 0
[2016-04-05 05:10:52] EDIT FuelManager/controllers/default.py: 2
[2016-04-05 05:11:14] EDIT FuelManager/controllers/default.py: -1
[2016-04-05 05:13:13] EDIT FuelManager/controllers/default.py: 5
[2016-04-05 05:14:49] EDIT FuelManager/controllers/default.py: 1
[2016-04-05 05:15:11] EDIT FuelManager/controllers/default.py: 0
[2016-04-05 05:15:13] EDIT FuelManager/controllers/default.py: 0
[2016-04-05 05:16:16] EDIT FuelManager/controllers/default.py: 0
[2016-04-05 05:16:24] EDIT FuelManager/controllers/default.py: 0
[2016-04-05 05:18:13] EDIT FuelManager/controllers/default.py: 0
[2016-04-05 05:19:30] EDIT FuelManager/controllers/default.py: 0
[2016-04-05 05:21:39] EDIT FuelManager/controllers/default.py: 0
[2016-04-05 05:21:40] EDIT FuelManager/controllers/default.py: 0
[2016-04-05 05:21:51] EDIT FuelManager/controllers/default.py: 0
[2016-04-05 05:23:26] EDIT FuelManager/controllers/default.py: -1
[2016-04-05 05:23:44] EDIT FuelManager/controllers/default.py: 0
[2016-04-05 05:23:45] EDIT FuelManager/controllers/default.py: 0
[2016-04-05 05:23:47] EDIT FuelManager/controllers/default.py: 0
[2016-04-05 05:23:52] EDIT FuelManager/controllers/default.py: 0
[2016-04-05 05:24:31] EDIT FuelManager/controllers/default.py: 0
[2016-04-05 05:24:41] EDIT FuelManager/controllers/default.py: 1
[2016-04-05 06:00:35] EDIT FuelManager/controllers/default.py: -1
[2016-04-05 06:26:11] EDIT FuelManager/controllers/default.py: 0
[2016-04-05 06:26:13] EDIT FuelManager/controllers/default.py: 0
[2016-04-05 06:26:42] EDIT FuelManager/controllers/default.py: 0
[2016-04-05 06:26:55] EDIT FuelManager/controllers/default.py: 0
[2016-04-05 06:26:57] EDIT FuelManager/controllers/default.py: 0
[2016-04-05 06:29:01] EDIT FuelManager/controllers/default.py: 1
[2016-04-05 06:29:05] EDIT FuelManager/controllers/default.py: -1
[2016-04-05 06:29:16] EDIT FuelManager/controllers/default.py: 0
[2016-04-05 06:29:29] EDIT FuelManager/controllers/default.py: 0
[2016-04-05 06:30:25] EDIT FuelManager/controllers/default.py: 0
[2016-04-05 06:31:05] EDIT FuelManager/controllers/default.py: 0
[2016-04-05 06:34:52] EDIT FuelManager/controllers/default.py: 3
[2016-04-05 06:35:03] EDIT FuelManager/controllers/default.py: 0
[2016-04-05 06:37:28] EDIT FuelManager/controllers/default.py: 2
[2016-04-05 06:38:17] EDIT FuelManager/controllers/default.py: 0
[2016-04-05 06:41:35] EDIT FuelManager/controllers/default.py: 1
[2016-04-05 06:41:59] EDIT FuelManager/controllers/default.py: 0
[2016-04-05 06:43:20] EDIT FuelManager/controllers/default.py: 0
[2016-04-05 06:48:26] EDIT FuelManager/controllers/default.py: 1
[2016-04-05 06:48:50] EDIT FuelManager/views/default/reports.html: 1
[2016-04-05 06:49:09] EDIT FuelManager/controllers/default.py: 0
[2016-04-05 06:49:22] EDIT FuelManager/views/default/reports.html: 1
[2016-04-05 06:49:34] EDIT FuelManager/views/default/reports.html: -1
[2016-04-05 06:49:35] EDIT FuelManager/views/default/reports.html: 0
[2016-04-05 06:51:32] EDIT FuelManager/controllers/default.py: -1
[2016-04-05 06:51:44] EDIT FuelManager/views/default/reports.html: -1
[2016-04-05 06:52:06] EDIT FuelManager/controllers/default.py: 0
[2016-04-05 06:52:16] EDIT FuelManager/controllers/default.py: -1
[2016-04-05 06:52:45] EDIT FuelManager/views/default/reports.html: 0
[2016-04-05 06:56:08] EDIT FuelManager/controllers/default.py: 0
[2016-04-05 06:56:20] EDIT FuelManager/controllers/default.py: 0
[2016-04-05 06:56:31] EDIT FuelManager/controllers/default.py: 0
[2016-04-05 06:56:41] EDIT FuelManager/controllers/default.py: 0
[2016-04-05 06:56:48] EDIT FuelManager/views/default/reports.html: 0
[2016-04-05 06:57:21] EDIT FuelManager/controllers/default.py: 0
[2016-04-05 06:57:39] EDIT FuelManager/controllers/default.py: 0
[2016-04-05 06:58:06] EDIT FuelManager/controllers/default.py: 0
[2016-04-05 06:58:31] EDIT FuelManager/views/default/reports.html: 0
[2016-04-05 07:00:00] EDIT FuelManager/views/default/reports.html: 0
