[2016-03-15 03:14:24] START
[2016-03-15 03:21:28] UPLOAD /home/pythonui/web2py/applications/mobilelogs/private/MobileLog.csv: 302
[2016-03-15 03:21:57] UPLOAD /home/pythonui/web2py/applications/mobilelogs/private/MobileLog.csv: 302
[2016-03-15 03:22:58] UPLOAD /home/pythonui/web2py/applications/mobilelogs/private/MobileLog.csv: 302
[2016-03-15 03:52:40] EDIT mobilelogs/controllers/default.py: 0
[2016-03-15 03:53:44] EDIT mobilelogs/controllers/default.py: 3
[2016-03-15 04:06:26] EDIT mobilelogs/controllers/default.py: 2
[2016-03-15 04:08:05] EDIT mobilelogs/controllers/default.py: 4
[2016-03-15 04:08:39] EDIT mobilelogs/controllers/default.py: 0
[2016-03-15 04:09:05] EDIT mobilelogs/controllers/default.py: 0
[2016-03-15 04:09:27] EDIT mobilelogs/controllers/default.py: 1
[2016-03-15 16:25:45] EDIT mobilelogs/controllers/default.py: 0
[2016-03-15 16:39:23] EDIT mobilelogs/controllers/default.py: 0
[2016-03-15 16:39:25] EDIT mobilelogs/controllers/default.py: 0
[2016-03-15 17:02:42] CREATE default/logs.html: 0
[2016-03-15 17:02:52] EDIT mobilelogs/views/default/logs.html: 0
[2016-03-17 09:02:44] EDIT mobilelogs/controllers/default.py: -1
[2016-03-17 09:02:46] EDIT mobilelogs/controllers/default.py: 0
[2016-03-17 09:02:48] EDIT mobilelogs/controllers/default.py: 0
[2016-03-17 09:03:01] EDIT mobilelogs/views/default/logs.html: 0
[2016-03-17 09:03:36] EDIT mobilelogs/views/default/logs.html: 0
[2016-03-17 09:04:02] EDIT mobilelogs/views/default/logs.html: 1
[2016-03-17 09:04:21] EDIT mobilelogs/views/default/logs.html: 1
[2016-03-17 09:05:05] EDIT mobilelogs/views/default/logs.html: 0
[2016-03-17 09:05:25] EDIT mobilelogs/controllers/default.py: 0
[2016-03-17 09:05:44] EDIT mobilelogs/views/default/logs.html: -1
[2016-03-17 09:06:15] EDIT mobilelogs/controllers/default.py: 1
[2016-03-17 09:07:00] EDIT mobilelogs/views/default/logs.html: -1
[2016-03-17 09:08:35] EDIT mobilelogs/views/default/logs.html: 1
[2016-03-17 09:09:18] EDIT mobilelogs/views/default/logs.html: 0
[2016-03-17 09:09:29] EDIT mobilelogs/views/default/logs.html: 0
[2016-03-17 09:10:27] EDIT mobilelogs/controllers/default.py: 0
[2016-03-17 09:10:33] EDIT mobilelogs/views/default/logs.html: 0
[2016-03-17 09:10:36] EDIT mobilelogs/views/default/logs.html: 0
[2016-03-17 09:11:11] EDIT mobilelogs/views/default/logs.html: 1
[2016-03-17 09:12:05] EDIT mobilelogs/controllers/default.py: 1
[2016-03-17 09:12:12] EDIT mobilelogs/views/default/logs.html: 0
[2016-03-17 09:12:57] EDIT mobilelogs/controllers/default.py: 0
[2016-03-17 09:13:09] EDIT mobilelogs/controllers/default.py: 0
[2016-03-17 09:13:35] EDIT mobilelogs/controllers/default.py: -1
[2016-03-17 09:13:40] EDIT mobilelogs/views/default/logs.html: 0
[2016-03-17 09:13:45] EDIT mobilelogs/views/default/logs.html: -2
[2016-03-17 09:18:30] EDIT mobilelogs/views/default/logs.html: 0
[2016-03-17 09:22:30] EDIT mobilelogs/controllers/default.py: 3
[2016-03-17 09:22:33] EDIT mobilelogs/controllers/default.py: 0
[2016-03-17 09:22:41] EDIT mobilelogs/controllers/default.py: -2
[2016-03-17 09:22:54] EDIT mobilelogs/views/default/logs.html: 0
[2016-03-17 09:23:07] EDIT mobilelogs/views/default/logs.html: 0
[2016-03-17 09:23:31] EDIT mobilelogs/controllers/default.py: 0
[2016-03-17 09:23:44] EDIT mobilelogs/controllers/default.py: 0
[2016-03-17 09:24:06] EDIT mobilelogs/controllers/default.py: 0
[2016-03-17 09:25:21] EDIT mobilelogs/controllers/default.py: 1
[2016-03-17 09:25:28] EDIT mobilelogs/controllers/default.py: 0
[2016-03-17 09:27:33] EDIT mobilelogs/controllers/default.py: 3
[2016-03-17 09:27:35] EDIT mobilelogs/controllers/default.py: 0
[2016-03-17 09:27:39] EDIT mobilelogs/controllers/default.py: 0
[2016-03-17 09:27:50] EDIT mobilelogs/views/default/logs.html: 0
[2016-03-17 09:29:17] EDIT mobilelogs/views/default/logs.html: 0
[2016-03-17 09:30:17] EDIT mobilelogs/views/default/logs.html: 0
[2016-03-17 09:30:19] EDIT mobilelogs/views/default/logs.html: 0
[2016-03-17 09:31:08] EDIT mobilelogs/views/default/logs.html: 3
[2016-03-17 09:31:21] EDIT mobilelogs/views/default/logs.html: 1
[2016-03-17 09:32:43] EDIT mobilelogs/views/default/logs.html: 3
[2016-03-17 09:32:51] EDIT mobilelogs/views/default/logs.html: 1
[2016-03-17 09:34:58] EDIT mobilelogs/views/default/logs.html: 0
[2016-03-17 09:35:18] EDIT mobilelogs/views/default/logs.html: 0
[2016-03-17 09:35:24] EDIT mobilelogs/views/default/logs.html: -1
[2016-03-17 09:35:50] EDIT mobilelogs/views/default/logs.html: 0
[2016-03-17 09:36:19] EDIT mobilelogs/views/default/logs.html: 1
[2016-03-17 09:36:27] EDIT mobilelogs/views/default/logs.html: -1
[2016-03-17 09:37:09] EDIT mobilelogs/views/default/logs.html: 0
[2016-03-17 09:37:13] EDIT mobilelogs/views/default/logs.html: 0
[2016-03-17 09:37:50] EDIT mobilelogs/views/default/logs.html: 0
[2016-03-17 09:40:15] EDIT mobilelogs/controllers/default.py: 1
[2016-03-17 09:40:40] EDIT mobilelogs/controllers/default.py: 1
[2016-03-17 09:40:43] EDIT mobilelogs/controllers/default.py: 0
[2016-03-17 09:40:45] EDIT mobilelogs/controllers/default.py: 0
[2016-03-17 09:41:12] EDIT mobilelogs/controllers/default.py: 0
[2016-03-17 09:41:14] EDIT mobilelogs/controllers/default.py: 0
[2016-03-17 09:57:56] CREATE css/table.css: 0
[2016-03-17 09:58:00] EDIT mobilelogs/static/css/table.css: 47
[2016-03-17 09:58:12] EDIT mobilelogs/views/default/logs.html: 0
[2016-03-17 09:58:24] EDIT mobilelogs/views/default/logs.html: 2
[2016-03-17 09:59:44] EDIT mobilelogs/views/default/logs.html: 2
[2016-03-17 09:59:47] EDIT mobilelogs/views/default/logs.html: 0
[2016-03-17 10:01:07] EDIT mobilelogs/views/default/logs.html: 0
[2016-03-17 10:03:09] EDIT mobilelogs/views/default/logs.html: 0
[2016-03-17 10:03:18] EDIT mobilelogs/views/default/logs.html: 0
[2016-03-17 10:03:59] EDIT mobilelogs/static/css/table.css: 6
[2016-03-17 10:04:12] EDIT mobilelogs/views/default/logs.html: 0
[2016-03-17 10:04:19] EDIT mobilelogs/static/css/table.css: 0
[2016-03-17 10:04:52] EDIT mobilelogs/views/default/logs.html: 0
[2016-03-17 10:05:05] EDIT mobilelogs/static/css/table.css: -6
[2016-03-17 10:05:10] EDIT mobilelogs/static/css/table.css: 0
[2016-03-17 10:07:03] EDIT mobilelogs/static/css/table.css: 3
[2016-03-17 10:07:21] EDIT mobilelogs/views/default/logs.html: 0
[2016-03-17 10:07:40] EDIT mobilelogs/views/default/logs.html: 0
[2016-03-17 10:07:49] EDIT mobilelogs/views/default/logs.html: 0
[2016-03-17 10:08:11] EDIT mobilelogs/static/css/table.css: 1
[2016-03-17 10:08:16] EDIT mobilelogs/static/css/table.css: 0
[2016-03-17 10:08:19] EDIT mobilelogs/static/css/table.css: 0
[2016-03-17 10:08:37] EDIT mobilelogs/static/css/table.css: -1
[2016-03-17 10:08:46] EDIT mobilelogs/static/css/table.css: 0
[2016-03-17 10:08:55] EDIT mobilelogs/static/css/table.css: 0
[2016-03-17 10:09:21] EDIT mobilelogs/views/default/logs.html: 0
[2016-03-17 10:09:22] EDIT mobilelogs/views/default/logs.html: 0
[2016-03-17 10:10:57] EDIT mobilelogs/views/default/logs.html: 5
[2016-03-17 10:11:00] EDIT mobilelogs/views/default/logs.html: 0
[2016-03-17 10:11:07] EDIT mobilelogs/views/default/logs.html: 0
[2016-03-17 10:11:11] EDIT mobilelogs/views/default/logs.html: 0
[2016-03-17 10:11:27] EDIT mobilelogs/views/default/logs.html: 1
[2016-03-17 10:11:47] EDIT mobilelogs/views/default/logs.html: -1
[2016-03-17 10:13:14] EDIT mobilelogs/views/default/logs.html: 0
[2016-03-17 10:13:15] EDIT mobilelogs/views/default/logs.html: 0
[2016-03-17 10:15:07] EDIT mobilelogs/views/default/logs.html: 1
[2016-03-17 10:15:22] EDIT mobilelogs/views/default/logs.html: -1
[2016-03-17 10:15:57] EDIT mobilelogs/views/default/logs.html: 2
[2016-03-17 10:16:24] EDIT mobilelogs/views/default/logs.html: 2
[2016-03-17 10:16:26] EDIT mobilelogs/views/default/logs.html: 0
[2016-03-17 10:16:29] EDIT mobilelogs/views/default/logs.html: 0
[2016-03-17 10:16:46] EDIT mobilelogs/views/default/logs.html: 1
[2016-03-17 10:17:04] EDIT mobilelogs/views/default/logs.html: 0
[2016-03-17 10:17:07] EDIT mobilelogs/views/default/logs.html: 0
[2016-03-17 10:17:09] EDIT mobilelogs/views/default/logs.html: -1
[2016-03-17 10:18:15] EDIT mobilelogs/views/default/logs.html: 0
[2016-03-17 10:18:28] EDIT mobilelogs/views/default/logs.html: 0
[2016-03-17 10:18:32] EDIT mobilelogs/views/default/logs.html: 0
[2016-03-17 10:21:51] EDIT mobilelogs/views/default/logs.html: 5
[2016-03-17 10:21:53] EDIT mobilelogs/views/default/logs.html: 0
[2016-03-17 10:22:09] EDIT mobilelogs/views/default/logs.html: 0
[2016-03-17 10:22:28] EDIT mobilelogs/views/default/logs.html: -1
[2016-03-17 10:22:55] EDIT mobilelogs/views/default/logs.html: 0
[2016-03-17 10:23:08] EDIT mobilelogs/views/default/logs.html: 0
[2016-03-17 10:23:38] EDIT mobilelogs/views/default/logs.html: 0
[2016-03-17 10:23:59] EDIT mobilelogs/views/default/logs.html: -2
[2016-03-17 10:24:17] EDIT mobilelogs/views/default/logs.html: 0
[2016-03-17 10:24:24] EDIT mobilelogs/views/default/logs.html: 0
[2016-03-17 10:26:30] EDIT mobilelogs/views/default/logs.html: 0
[2016-03-17 10:27:47] EDIT mobilelogs/views/default/logs.html: -2
[2016-03-17 10:30:57] EDIT mobilelogs/views/default/logs.html: 1
[2016-03-17 10:31:08] EDIT mobilelogs/views/default/logs.html: 0
[2016-03-17 10:31:20] EDIT mobilelogs/views/default/logs.html: 0
[2016-03-17 10:31:23] EDIT mobilelogs/views/default/logs.html: 0
[2016-03-17 10:31:28] EDIT mobilelogs/views/default/logs.html: 0
[2016-03-17 10:31:36] EDIT mobilelogs/views/default/logs.html: 0
[2016-03-17 10:31:46] EDIT mobilelogs/views/default/logs.html: 0
[2016-03-17 10:31:47] EDIT mobilelogs/views/default/logs.html: 0
[2016-03-17 10:31:52] EDIT mobilelogs/views/default/logs.html: 0
[2016-03-17 10:32:01] EDIT mobilelogs/views/default/logs.html: 0
[2016-03-17 10:32:16] EDIT mobilelogs/views/default/logs.html: -1
[2016-03-17 10:32:32] EDIT mobilelogs/controllers/default.py: 1
[2016-03-17 10:32:39] EDIT mobilelogs/views/default/logs.html: 0
[2016-03-17 10:32:43] EDIT mobilelogs/views/default/logs.html: 0
[2016-03-17 10:33:17] EDIT mobilelogs/views/default/logs.html: 0
[2016-03-17 10:33:26] EDIT mobilelogs/views/default/logs.html: 0
[2016-03-17 10:33:51] EDIT mobilelogs/controllers/default.py: 0
[2016-03-17 10:33:54] EDIT mobilelogs/controllers/default.py: 0
[2016-03-17 10:33:58] EDIT mobilelogs/controllers/default.py: 0
[2016-03-17 10:34:23] EDIT mobilelogs/views/default/logs.html: 0
[2016-03-17 10:34:39] EDIT mobilelogs/views/default/logs.html: 0
[2016-03-17 10:34:51] EDIT mobilelogs/views/default/logs.html: 0
[2016-03-17 10:35:04] EDIT mobilelogs/views/default/logs.html: 0
[2016-03-17 10:35:06] EDIT mobilelogs/views/default/logs.html: 0
[2016-03-17 10:35:24] EDIT mobilelogs/views/default/logs.html: 0
[2016-03-17 10:35:39] EDIT mobilelogs/views/default/logs.html: 0
[2016-03-17 10:35:59] EDIT mobilelogs/views/default/logs.html: 0
[2016-03-17 10:36:21] EDIT mobilelogs/views/default/logs.html: 0
[2016-03-17 10:36:36] EDIT mobilelogs/views/default/logs.html: 0
[2016-03-17 10:39:26] EDIT mobilelogs/views/default/logs.html: 0
[2016-03-17 11:01:37] EDIT mobilelogs/languages/gj.py: 1
[2016-03-17 11:01:39] EDIT mobilelogs/languages/gj.py: 0
[2016-03-17 11:02:01] EDIT mobilelogs/views/default/logs.html: 1
[2016-03-17 11:02:16] EDIT mobilelogs/views/default/logs.html: 0
[2016-03-17 11:17:58] EDIT mobilelogs/languages/gj.py: 0
[2016-03-17 11:18:00] EDIT mobilelogs/languages/gj.py: 0
[2016-03-17 11:20:00] EDIT mobilelogs/languages/gj.py: 2
[2016-03-17 11:20:44] EDIT mobilelogs/languages/gj.py: 0
[2016-03-17 11:22:39] EDIT mobilelogs/views/default/logs.html: 0
[2016-03-17 11:23:05] EDIT mobilelogs/views/default/logs.html: 0
[2016-03-17 11:32:41] EDIT mobilelogs/views/default/logs.html: 0
[2016-03-17 11:33:11] EDIT mobilelogs/views/default/logs.html: 0
[2016-03-17 11:33:27] EDIT mobilelogs/views/default/logs.html: 0
[2016-03-17 11:34:24] EDIT mobilelogs/views/default/logs.html: 0
[2016-03-17 11:35:03] EDIT mobilelogs/views/default/logs.html: 0
[2016-03-17 11:36:03] EDIT mobilelogs/views/default/logs.html: 0
[2016-03-17 11:36:12] EDIT mobilelogs/views/default/logs.html: 0
[2016-03-17 11:36:13] EDIT mobilelogs/views/default/logs.html: 0
[2016-03-17 11:36:39] EDIT mobilelogs/views/default/logs.html: 0
[2016-03-17 11:39:43] EDIT mobilelogs/views/default/logs.html: 1
[2016-03-17 11:39:50] EDIT mobilelogs/views/default/logs.html: 0
[2016-03-17 11:39:52] EDIT mobilelogs/views/default/logs.html: 0
[2016-03-17 11:40:03] EDIT mobilelogs/views/default/logs.html: 0
[2016-03-17 11:40:17] EDIT mobilelogs/views/default/logs.html: 1
[2016-03-17 11:40:26] EDIT mobilelogs/views/default/logs.html: 0
[2016-03-17 11:40:36] EDIT mobilelogs/views/default/logs.html: 0
[2016-03-17 11:41:39] EDIT mobilelogs/views/default/logs.html: 5
[2016-03-17 11:41:41] EDIT mobilelogs/views/default/logs.html: 0
[2016-03-17 11:42:57] EDIT mobilelogs/views/default/logs.html: 0
[2016-03-17 11:43:00] EDIT mobilelogs/views/default/logs.html: 0
[2016-03-17 11:45:31] EDIT mobilelogs/views/default/logs.html: 0
[2016-03-17 11:46:50] EDIT mobilelogs/views/default/logs.html: 1
[2016-03-17 11:47:10] EDIT mobilelogs/views/default/logs.html: 0
[2016-03-17 11:47:28] EDIT mobilelogs/views/default/logs.html: 0
[2016-03-17 11:47:34] EDIT mobilelogs/views/default/logs.html: 0
[2016-03-17 11:48:25] EDIT mobilelogs/views/default/logs.html: 2
[2016-03-17 11:48:31] EDIT mobilelogs/views/default/logs.html: 0
[2016-03-17 11:48:51] EDIT mobilelogs/views/default/logs.html: 0
[2016-03-17 11:49:11] EDIT mobilelogs/views/default/logs.html: 1
[2016-03-17 11:50:06] EDIT mobilelogs/views/default/logs.html: 4
[2016-03-17 11:50:20] EDIT mobilelogs/views/default/logs.html: -1
[2016-03-17 11:51:30] EDIT mobilelogs/views/default/logs.html: 1
[2016-03-17 11:52:11] EDIT mobilelogs/views/default/logs.html: 0
[2016-03-17 11:52:22] EDIT mobilelogs/views/default/logs.html: -1
[2016-03-17 11:53:56] EDIT mobilelogs/views/default/logs.html: 2
[2016-03-17 11:54:36] EDIT mobilelogs/views/default/logs.html: -2
[2016-03-17 11:56:45] EDIT mobilelogs/views/default/logs.html: 1
[2016-03-17 11:59:14] EDIT mobilelogs/views/default/logs.html: -1
[2016-03-17 11:59:15] EDIT mobilelogs/views/default/logs.html: 0
[2016-03-17 11:59:17] EDIT mobilelogs/views/default/logs.html: 0
[2016-03-17 12:15:28] EDIT mobilelogs/views/default/logs.html: 0
[2016-03-17 12:15:31] EDIT mobilelogs/views/default/logs.html: 0
[2016-03-17 12:57:48] EDIT mobilelogs/views/default/logs.html: 0
[2016-03-17 13:39:24] EDIT mobilelogs/views/default/logs.html: 1
[2016-03-17 13:39:33] EDIT mobilelogs/views/default/logs.html: 0
[2016-03-17 13:40:26] EDIT mobilelogs/views/default/logs.html: -4
[2016-03-17 13:40:27] EDIT mobilelogs/views/default/logs.html: 0
[2016-03-17 13:40:37] EDIT mobilelogs/views/default/logs.html: 0
[2016-03-17 13:40:45] EDIT mobilelogs/views/default/logs.html: 0
[2016-03-17 13:41:32] EDIT mobilelogs/views/default/logs.html: 0
[2016-03-17 13:43:41] EDIT mobilelogs/views/default/logs.html: 0
[2016-03-17 13:43:42] EDIT mobilelogs/views/default/logs.html: 0
[2016-03-17 13:43:52] EDIT mobilelogs/views/default/logs.html: 0
[2016-03-17 13:44:00] EDIT mobilelogs/views/default/logs.html: -4
[2016-03-17 13:44:22] EDIT mobilelogs/controllers/default.py: 1
[2016-03-17 13:45:41] EDIT mobilelogs/controllers/default.py: 0
[2016-03-17 13:46:15] EDIT mobilelogs/controllers/default.py: 0
[2016-03-17 13:48:00] EDIT mobilelogs/views/default/logs.html: -1
[2016-03-17 13:48:32] EDIT mobilelogs/controllers/default.py: 0
[2016-03-17 13:50:10] EDIT mobilelogs/controllers/default.py: 3
[2016-03-17 13:50:16] EDIT mobilelogs/controllers/default.py: 1
[2016-03-17 13:50:31] EDIT mobilelogs/controllers/default.py: 0
[2016-03-17 13:51:08] EDIT mobilelogs/controllers/default.py: 1
[2016-03-17 13:53:15] EDIT mobilelogs/controllers/default.py: 0
[2016-03-17 13:53:30] EDIT mobilelogs/controllers/default.py: 0
[2016-03-17 13:54:22] EDIT mobilelogs/controllers/default.py: 0
[2016-03-17 13:54:22] EDIT mobilelogs/controllers/default.py: 0
[2016-03-17 13:54:27] EDIT mobilelogs/controllers/default.py: 0
[2016-03-17 14:01:08] EDIT mobilelogs/controllers/default.py: 9
[2016-03-17 14:01:11] EDIT mobilelogs/controllers/default.py: 0
[2016-03-17 14:01:14] EDIT mobilelogs/controllers/default.py: 0
[2016-03-17 14:01:17] EDIT mobilelogs/controllers/default.py: 0
[2016-03-17 14:01:28] EDIT mobilelogs/controllers/default.py: 0
[2016-03-17 14:01:38] EDIT mobilelogs/controllers/default.py: 0
[2016-03-17 14:02:22] EDIT mobilelogs/controllers/default.py: 0
[2016-03-17 14:02:25] EDIT mobilelogs/controllers/default.py: 0
[2016-03-17 14:02:43] EDIT mobilelogs/controllers/default.py: 0
[2016-03-17 14:02:57] EDIT mobilelogs/controllers/default.py: 0
[2016-03-17 14:03:34] EDIT mobilelogs/controllers/default.py: 0
[2016-03-17 14:04:03] EDIT mobilelogs/views/default/logs.html: 1
[2016-03-17 14:04:07] EDIT mobilelogs/views/default/logs.html: 0
[2016-03-17 14:05:12] EDIT mobilelogs/views/default/logs.html: 1
[2016-03-17 14:05:42] EDIT mobilelogs/views/default/logs.html: -1
[2016-03-17 14:05:43] EDIT mobilelogs/views/default/logs.html: 0
[2016-03-17 08:42:38] EDIT mobilelogs/controllers/default.py: 1
[2016-03-17 08:50:58] EDIT mobilelogs/models/menu.py: 0
[2016-03-17 08:52:12] EDIT mobilelogs/views/default/logs.html: 1
[2016-03-17 08:54:56] EDIT mobilelogs/models/db.py: 1
[2016-03-17 08:56:26] EDIT mobilelogs/models/menu.py: 0
[2016-03-17 08:56:37] EDIT mobilelogs/models/menu.py: 0
[2016-03-17 08:57:46] EDIT mobilelogs/views/default/logs.html: -1
[2016-03-17 08:58:54] EDIT mobilelogs/views/default/logs.html: 0
[2016-03-17 09:01:01] EDIT mobilelogs/models/db.py: 0
[2016-03-18 10:24:05] EDIT mobilelogs/controllers/default.py: 0
[2016-03-18 10:24:51] EDIT mobilelogs/controllers/default.py: 0
[2016-03-18 10:27:28] EDIT mobilelogs/views/generic.json: 7
[2016-03-18 10:28:09] EDIT mobilelogs/models/db.py: 0
[2016-03-18 10:29:02] EDIT mobilelogs/controllers/default.py: 2
[2016-03-18 10:31:28] EDIT mobilelogs/controllers/default.py: 0
[2016-03-18 10:32:02] EDIT mobilelogs/controllers/default.py: 0
[2016-03-18 10:32:24] EDIT mobilelogs/controllers/default.py: 0
[2016-03-18 10:34:01] EDIT mobilelogs/models/db.py: 0
[2016-03-18 10:54:23] EDIT mobilelogs/controllers/default.py: -1
[2016-03-22 14:08:40] EDIT mobilelogs/views/default/logs.html: 0
[2016-03-22 14:10:14] EDIT mobilelogs/static/css/table.css: 2
[2016-03-22 14:10:25] EDIT mobilelogs/static/css/table.css: 0
[2016-03-22 14:10:41] EDIT mobilelogs/views/default/logs.html: 0
[2016-03-22 14:11:05] EDIT mobilelogs/views/default/logs.html: 0
[2016-03-22 14:11:06] EDIT mobilelogs/views/default/logs.html: 0
[2016-03-22 14:11:13] EDIT mobilelogs/static/css/table.css: 0
[2016-03-22 14:11:15] EDIT mobilelogs/static/css/table.css: 0
[2016-03-22 14:11:15] EDIT mobilelogs/static/css/table.css: 0
[2016-03-22 14:11:15] EDIT mobilelogs/static/css/table.css: 0
[2016-03-22 14:11:15] EDIT mobilelogs/static/css/table.css: 0
[2016-03-22 14:11:15] EDIT mobilelogs/static/css/table.css: 0
[2016-03-22 14:11:20] EDIT mobilelogs/views/default/logs.html: 0
[2016-03-22 14:13:33] EDIT mobilelogs/views/default/logs.html: 4
[2016-03-22 14:14:12] EDIT mobilelogs/views/default/logs.html: -1
[2016-03-22 14:14:16] EDIT mobilelogs/views/default/logs.html: 0
[2016-03-22 14:14:18] EDIT mobilelogs/views/default/logs.html: 0
[2016-03-22 14:14:33] EDIT mobilelogs/views/default/logs.html: 0
[2016-03-22 14:14:34] EDIT mobilelogs/views/default/logs.html: 0
[2016-03-22 14:15:04] EDIT mobilelogs/views/default/logs.html: 3
[2016-03-22 14:15:12] EDIT mobilelogs/views/default/logs.html: -1
[2016-03-22 14:16:53] EDIT mobilelogs/views/default/logs.html: 0
[2016-03-22 14:18:40] EDIT mobilelogs/views/default/logs.html: -5
[2016-03-22 14:20:25] EDIT mobilelogs/views/default/logs.html: 1
[2016-03-22 14:20:36] EDIT mobilelogs/views/default/logs.html: 0
[2016-03-22 14:20:50] EDIT mobilelogs/views/default/logs.html: 0
[2016-03-22 14:21:41] EDIT mobilelogs/views/default/logs.html: 8
[2016-03-22 14:21:47] EDIT mobilelogs/views/default/logs.html: 0
[2016-03-22 14:22:27] EDIT mobilelogs/views/default/logs.html: 1
[2016-03-22 14:22:52] EDIT mobilelogs/views/default/logs.html: 0
[2016-03-22 14:24:14] EDIT mobilelogs/views/default/logs.html: -13
[2016-03-22 14:24:18] EDIT mobilelogs/views/default/logs.html: -1
[2016-04-05 15:07:14] EDIT mobilelogs/models/db.py: 3
[2016-04-05 15:07:37] EDIT mobilelogs/controllers/default.py: 6
[2016-04-05 15:08:15] CREATE default/upload_logfile.html: 0
[2016-04-05 15:08:18] EDIT mobilelogs/views/default/upload_logfile.html: -1
[2016-04-05 15:09:01] EDIT mobilelogs/controllers/default.py: 1
[2016-04-05 15:09:43] EDIT mobilelogs/controllers/default.py: 0
[2016-04-05 15:10:43] EDIT mobilelogs/controllers/default.py: 1
[2016-04-05 15:11:58] EDIT mobilelogs/controllers/default.py: 0
[2016-04-05 15:12:11] DELETE mobilelogs/private/mylogfile.mobilelog.ba1d1c3f1620c93b.486f6e64615f4163746976615f33475f736964655f353730322e6a7067.jpg: -206
[2016-04-05 15:12:18] DELETE mobilelogs/private/mylogfile.mobilelog.a71281363d9d7a6d.486f6e64615f4163746976615f33475f736964655f353730322e6a7067.jpg: -206
[2016-04-05 15:12:56] EDIT mobilelogs/controllers/default.py: 0
[2016-04-05 15:13:09] EDIT mobilelogs/controllers/default.py: 0
[2016-04-05 15:14:04] EDIT mobilelogs/controllers/default.py: 0
[2016-04-05 15:22:48] EDIT mobilelogs/controllers/default.py: 0
[2016-04-05 15:23:51] EDIT mobilelogs/models/db.py: 1
[2016-04-05 15:24:01] EDIT mobilelogs/models/db.py: 0
[2016-04-05 15:24:14] EDIT mobilelogs/models/db.py: 0
