[2016-04-08 17:15:49] START
[2016-04-08 17:16:25] EDIT Emaily/models/db.py: 3
[2016-04-08 17:17:16] EDIT Emaily/controllers/default.py: 3
[2016-04-08 17:17:21] EDIT Emaily/controllers/default.py: 1
[2016-04-08 17:22:42] EDIT Emaily/controllers/default.py: 0
[2016-04-08 17:23:35] EDIT Emaily/controllers/default.py: 2
[2016-04-08 17:24:08] EDIT Emaily/controllers/default.py: 0
[2016-04-08 17:24:44] EDIT Emaily/controllers/default.py: 1
[2016-04-08 17:24:47] EDIT Emaily/controllers/default.py: 0
[2016-04-08 17:26:22] EDIT Emaily/controllers/default.py: 0
[2016-04-08 17:28:01] EDIT Emaily/controllers/default.py: 0
[2016-04-08 17:28:03] EDIT Emaily/controllers/default.py: 0
[2016-04-08 17:28:34] EDIT Emaily/controllers/default.py: 0
[2016-04-08 17:47:02] EDIT Emaily/controllers/default.py: 0
[2016-04-08 17:47:23] EDIT Emaily/controllers/default.py: 0
[2016-04-08 17:47:37] CREATE default/getlogs.json: 0
[2016-04-08 18:07:44] EDIT Emaily/controllers/default.py: 1
[2016-04-08 18:08:40] EDIT Emaily/controllers/default.py: 0
[2016-04-08 18:08:43] EDIT Emaily/controllers/default.py: 0
[2016-04-08 18:08:44] EDIT Emaily/controllers/default.py: 0
[2016-04-08 18:20:15] EDIT Emaily/controllers/default.py: 1
[2016-04-08 18:23:18] EDIT Emaily/models/db.py: 1
[2016-04-08 18:23:23] EDIT Emaily/models/db.py: 0
[2016-04-08 18:23:46] EDIT Emaily/models/db.py: 0
[2016-04-08 18:24:20] EDIT Emaily/models/db.py: 0
[2016-04-08 18:24:30] EDIT Emaily/controllers/default.py: 0
[2016-04-08 18:24:36] EDIT Emaily/controllers/default.py: 0
[2016-04-08 18:24:39] EDIT Emaily/controllers/default.py: 0
[2016-04-09 09:00:24] EDIT Emaily/controllers/default.py: 9
[2016-04-09 09:00:40] EDIT Emaily/models/db.py: 6
[2016-04-09 09:01:19] EDIT Emaily/models/menu.py: 0
[2016-04-09 09:01:42] CREATE default/manage_users.html: 0
[2016-04-09 09:01:55] EDIT Emaily/views/default/manage_users.html: 0
[2016-04-09 09:01:57] EDIT Emaily/views/default/manage_users.html: -1
[2016-04-09 09:02:20] EDIT Emaily/controllers/default.py: 0
[2016-04-09 09:03:08] EDIT Emaily/controllers/default.py: 1
[2016-04-09 09:03:16] EDIT Emaily/controllers/default.py: 0
[2016-04-09 09:04:42] EDIT Emaily/controllers/default.py: 0
[2016-04-09 09:05:23] EDIT Emaily/controllers/default.py: 1
[2016-04-09 09:05:42] EDIT Emaily/controllers/default.py: 0
[2016-04-09 09:06:22] CREATE default/getusers.json: 0
[2016-04-09 09:06:24] EDIT Emaily/views/default/getusers.json: 0
[2016-04-09 09:07:38] EDIT Emaily/controllers/default.py: 0
[2016-04-09 09:07:39] EDIT Emaily/controllers/default.py: 0
[2016-04-09 09:08:10] EDIT Emaily/controllers/default.py: 0
[2016-04-09 09:10:10] EDIT Emaily/controllers/default.py: 1
[2016-04-09 09:10:34] EDIT Emaily/controllers/default.py: 2
[2016-04-09 09:10:53] EDIT Emaily/controllers/default.py: -1
[2016-04-09 09:11:05] EDIT Emaily/controllers/default.py: 2
[2016-04-09 09:48:17] EDIT Emaily/controllers/default.py: 0
[2016-04-09 09:48:59] EDIT Emaily/controllers/default.py: 0
[2016-04-09 09:55:21] EDIT Emaily/controllers/default.py: 0
[2016-04-09 09:55:43] EDIT Emaily/controllers/default.py: 0
[2016-04-09 10:18:37] EDIT Emaily/controllers/default.py: 0
[2016-04-09 10:18:44] EDIT Emaily/models/db.py: 0
